#
# A fatal error has been detected by the Java Runtime Environment:
#
#  EXCEPTION_ACCESS_VIOLATION (0xc0000005) at pc=0x00007ffaab6434c6, pid=10792, tid=6088
#
# JRE version: Java(TM) SE Runtime Environment (13.0.2+8) (build 13.0.2+8)
# Java VM: Java HotSpot(TM) 64-Bit Server VM (13.0.2+8, mixed mode, sharing, tiered, compressed oops, g1 gc, windows-amd64)
# Problematic frame:
# V  [jvm.dll+0x1934c6]
#
# No core dump will be written. Minidumps are not enabled by default on client versions of Windows
#
# If you would like to submit a bug report, please visit:
#   http://bugreport.java.com/bugreport/crash.jsp
#

---------------  S U M M A R Y ------------

Command Line: -Dfile.encoding=UTF-8 de.ukoeln.idh.teaching.tri.ex10.Exercise10Main

Host: AMD Ryzen 5 2600X Six-Core Processor           , 12 cores, 31G,  Windows 10 , 64 bit Build 18362 (10.0.18362.1316)
Time: Thu Jan 28 11:37:45 2021 W. Europe Standard Time elapsed time: 4 seconds (0d 0h 0m 4s)

---------------  T H R E A D  ---------------

Current thread (0x000001de34b24000):  ConcurrentGCThread "G1 Conc#0" [stack: 0x0000000489500000,0x0000000489600000] [id=6088]

Stack: [0x0000000489500000,0x0000000489600000],  sp=0x00000004895ff3d8,  free space=1020k
Native frames: (J=compiled Java code, j=interpreted, Vv=VM code, C=native code)
V  [jvm.dll+0x1934c6]


siginfo: EXCEPTION_ACCESS_VIOLATION (0xc0000005), reading address 0x0000000880329e88


Register to memory mapping:

RIP=0x00007ffaab6434c6 jvm.dll
RAX=0x2202022222022220 is an unknown value
RBX=0x2202022222022220 is an unknown value
RCX=
[error occurred during error reporting (printing register info), id 0xc0000005, EXCEPTION_ACCESS_VIOLATION (0xc0000005) at pc=0x00007ffaab6434c6]

Registers:
RAX=0x2202022222022220, RBX=0x2202022222022220, RCX=0x000000060c13ae08, RDX=0x000000060c13ae08
RSP=0x00000004895ff3d8, RBP=0x000001de34afdbe0, RSI=0x0000000000000001, RDI=0x000000060c13ae08
R8 =0x2202022222022220, R9 =0x0000000880329e80, R10=0x0000000000000424, R11=0x346dc5d63886594b
R12=0x000001de34b25ba0, R13=0x0000000000000000, R14=0x000001de597e4eb8, R15=0x0000000000000000
RIP=0x00007ffaab6434c6, EFLAGS=0x0000000000010202

Top of Stack: (sp=0x00000004895ff3d8)
0x00000004895ff3d8:   00007ffaab7971e2 01d6f5619ae9f605
0x00000004895ff3e8:   0000000000000000 0000000000000000
0x00000004895ff3f8:   000000000007270e 000000060c13ade8
0x00000004895ff408:   000000060c13ae08 00000004895ff550
0x00000004895ff418:   00007ffaab796e6f 000001de34b25a60
0x00000004895ff428:   000000080032a0c8 000000080032a0d0
0x00000004895ff438:   000001de34b24570 000000060c13ae04
0x00000004895ff448:   00007ffaab78e88d 000000060c1ff808
0x00000004895ff458:   000000060c13ae00 000000060c13ade8
0x00000004895ff468:   00007ffaab7a369f 000001de34b24901
0x00000004895ff478:   000001de34b24570 0000000800329e80
0x00000004895ff488:   00007ffaab78e441 0000000000000004
0x00000004895ff498:   00000004895ff550 000000060c13ade8
0x00000004895ff4a8:   000001de34b25a60 000001de34b25a60
0x00000004895ff4b8:   00007ffaab79fbd9 000000060c13ade8
0x00000004895ff4c8:   0000000000000000 0000000000000000 

Instructions: (pc=0x00007ffaab6434c6)
0x00007ffaab6433c6:   24 48 48 83 c4 30 5f c3 48 8b 07 48 8d 54 24 20
0x00007ffaab6433d6:   48 8b cf 66 0f 7f 44 24 20 ff 50 38 48 8b 5c 24
0x00007ffaab6433e6:   40 48 8b 74 24 48 48 83 c4 30 5f c3 cc cc cc cc
0x00007ffaab6433f6:   cc cc cc cc cc cc cc cc cc cc 48 89 5c 24 08 57
0x00007ffaab643406:   48 83 ec 30 48 8b 02 48 8b f9 48 8b ca 48 8b da
0x00007ffaab643416:   ff 50 38 84 c0 74 48 0f 10 83 60 03 00 00 66 0f
0x00007ffaab643426:   73 d8 08 66 48 0f 7e c0 48 85 c0 74 32 0f 10 83
0x00007ffaab643436:   60 03 00 00 48 8b 07 48 8d 54 24 20 48 8b cf 0f
0x00007ffaab643446:   29 44 24 20 ff 50 40 33 c0 48 89 44 24 20 48 89
0x00007ffaab643456:   44 24 28 0f 10 44 24 20 0f 11 83 60 03 00 00 48
0x00007ffaab643466:   8b 5c 24 40 48 83 c4 30 5f c3 48 8b 49 40 48 8b
0x00007ffaab643476:   01 48 ff 60 28 cc cc cc cc cc 80 3d 3a 6e 8e 00
0x00007ffaab643486:   00 48 8b c1 74 1b 8b 51 08 8b 0d 4b 15 86 00 48
0x00007ffaab643496:   d3 e2 48 8b c8 48 03 15 36 15 86 00 e9 19 00 00
0x00007ffaab6434a6:   00 48 8b 51 08 48 8b c8 e9 0d 00 00 00 cc cc cc
0x00007ffaab6434b6:   cc cc cc cc cc cc cc cc cc cc 4c 8b ca 48 8b d1
0x00007ffaab6434c6:   45 8b 41 08 45 85 c0 7e 0e 41 f6 c0 01 75 56 41
0x00007ffaab6434d6:   c1 f8 03 41 8b c0 c3 79 4c 80 3d db 6d 8e 00 00
0x00007ffaab6434e6:   b8 0c 00 00 00 b9 10 00 00 00 0f 45 c8 8b 05 7b
0x00007ffaab6434f6:   27 86 00 ff c8 4c 63 c8 48 63 14 11 41 8b c8 83
0x00007ffaab643506:   e1 3f 48 d3 e2 41 8b c8 48 c1 f9 10 0f b6 c1 49
0x00007ffaab643516:   8d 0c 11 49 f7 d1 48 03 c1 49 c1 e9 03 48 c1 e8
0x00007ffaab643526:   03 41 23 c1 c3 49 8b 01 49 8b c9 48 ff a0 00 01
0x00007ffaab643536:   00 00 cc cc cc cc cc cc cc cc 48 8b c2 c3 cc cc
0x00007ffaab643546:   cc cc cc cc cc cc cc cc cc cc 48 83 ec 38 0f 10
0x00007ffaab643556:   02 48 8b 49 40 48 8d 54 24 20 0f 29 44 24 20 e8
0x00007ffaab643566:   d6 ef ff ff 48 83 c4 38 c3 cc 48 83 ec 38 0f 10
0x00007ffaab643576:   02 48 8b 01 48 8d 54 24 20 0f 29 44 24 20 ff 50
0x00007ffaab643586:   38 48 83 c4 38 c3 cc cc cc cc 48 89 5c 24 08 55
0x00007ffaab643596:   56 57 41 54 41 55 41 56 41 57 48 8d 6c 24 e0 48
0x00007ffaab6435a6:   81 ec 20 01 00 00 48 8b 05 c5 64 89 00 48 33 c4
0x00007ffaab6435b6:   48 89 45 10 48 8b 05 6f ea 8b 00 45 33 ed 4c 8b 


Stack slot to memory mapping:
stack at sp + 0 slots: 0x00007ffaab7971e2 jvm.dll
stack at sp + 1 slots: 0x01d6f5619ae9f605 is an unknown value
stack at sp + 2 slots: 0x0 is NULL
stack at sp + 3 slots: 0x0 is NULL
stack at sp + 4 slots: 0x000000000007270e is an unknown value
stack at sp + 5 slots: 0x000000060c13ade8 is an oop: java.util.HashMap$Node 
{0x000000060c13ade8} - klass: 'java/util/HashMap$Node'
stack at sp + 6 slots: 
[error occurred during error reporting (inspecting top of stack), id 0xc0000005, EXCEPTION_ACCESS_VIOLATION (0xc0000005) at pc=0x00007ffaab6434c6]


---------------  P R O C E S S  ---------------

Threads class SMR info:
_java_thread_list=0x000001de66f1db20, length=12, elements={
0x000001de34a76800, 0x000001de64bb2800, 0x000001de64bb6000, 0x000001de64bd0000,
0x000001de64bd3000, 0x000001de64bd5000, 0x000001de64bdc000, 0x000001de64c06000,
0x000001de64d33000, 0x000001de64d41000, 0x000001de68ba2800, 0x000001de664f1800
}

Java Threads: ( => current thread )
  0x000001de34a76800 JavaThread "main" [_thread_in_Java, id=8096, stack(0x0000000489200000,0x0000000489300000)]
  0x000001de64bb2800 JavaThread "Reference Handler" daemon [_thread_blocked, id=12468, stack(0x0000000489900000,0x0000000489a00000)]
  0x000001de64bb6000 JavaThread "Finalizer" daemon [_thread_blocked, id=12908, stack(0x0000000489a00000,0x0000000489b00000)]
  0x000001de64bd0000 JavaThread "Signal Dispatcher" daemon [_thread_blocked, id=13756, stack(0x0000000489b00000,0x0000000489c00000)]
  0x000001de64bd3000 JavaThread "Attach Listener" daemon [_thread_blocked, id=5220, stack(0x0000000489c00000,0x0000000489d00000)]
  0x000001de64bd5000 JavaThread "C2 CompilerThread0" daemon [_thread_in_native, id=6732, stack(0x0000000489d00000,0x0000000489e00000)]
  0x000001de64bdc000 JavaThread "C1 CompilerThread0" daemon [_thread_in_native, id=10696, stack(0x0000000489e00000,0x0000000489f00000)]
  0x000001de64c06000 JavaThread "Sweeper thread" daemon [_thread_blocked, id=7516, stack(0x0000000489f00000,0x000000048a000000)]
  0x000001de64d33000 JavaThread "Service Thread" daemon [_thread_blocked, id=2724, stack(0x000000048a000000,0x000000048a100000)]
  0x000001de64d41000 JavaThread "Common-Cleaner" daemon [_thread_blocked, id=9104, stack(0x000000048a200000,0x000000048a300000)]
  0x000001de68ba2800 JavaThread "C2 CompilerThread1" daemon [_thread_in_native, id=6520, stack(0x000000048a300000,0x000000048a400000)]
  0x000001de664f1800 JavaThread "C2 CompilerThread2" daemon [_thread_in_native, id=9076, stack(0x000000048b800000,0x000000048b900000)]

Other Threads:
  0x000001de63e4e800 VMThread "VM Thread" [stack: 0x0000000489800000,0x0000000489900000] [id=9468]
  0x000001de64d34800 WatcherThread [stack: 0x000000048a100000,0x000000048a200000] [id=7612]
  0x000001de34afd000 GCTaskThread "GC Thread#0" [stack: 0x0000000489300000,0x0000000489400000] [id=8856]
  0x000001de657b2800 GCTaskThread "GC Thread#1" [stack: 0x000000048a400000,0x000000048a500000] [id=5228]
  0x000001de657b4800 GCTaskThread "GC Thread#2" [stack: 0x000000048a500000,0x000000048a600000] [id=11380]
  0x000001de657b1800 GCTaskThread "GC Thread#3" [stack: 0x000000048a600000,0x000000048a700000] [id=1380]
  0x000001de657b5000 GCTaskThread "GC Thread#4" [stack: 0x000000048a700000,0x000000048a800000] [id=9992]
  0x000001de657b6000 GCTaskThread "GC Thread#5" [stack: 0x000000048a800000,0x000000048a900000] [id=8956]
  0x000001de657b3800 GCTaskThread "GC Thread#6" [stack: 0x000000048a900000,0x000000048aa00000] [id=10704]
  0x000001de657b6800 GCTaskThread "GC Thread#7" [stack: 0x000000048aa00000,0x000000048ab00000] [id=2744]
  0x000001de657b0800 GCTaskThread "GC Thread#8" [stack: 0x000000048ab00000,0x000000048ac00000] [id=3568]
  0x000001de657b7000 GCTaskThread "GC Thread#9" [stack: 0x000000048ac00000,0x000000048ad00000] [id=3812]
  0x000001de34b20000 ConcurrentGCThread "G1 Main Marker" [stack: 0x0000000489400000,0x0000000489500000] [id=3420]
=>0x000001de34b24000 ConcurrentGCThread "G1 Conc#0" [stack: 0x0000000489500000,0x0000000489600000] [id=6088]
  0x000001de657b1000 ConcurrentGCThread "G1 Conc#1" [stack: 0x000000048ad00000,0x000000048ae00000] [id=6348]
  0x000001de6711d800 ConcurrentGCThread "G1 Conc#2" [stack: 0x000000048b700000,0x000000048b800000] [id=13096]
  0x000001de63dea800 ConcurrentGCThread "G1 Refine#0" [stack: 0x0000000489600000,0x0000000489700000] [id=5304]
  0x000001de68be6800 ConcurrentGCThread "G1 Refine#1" [stack: 0x000000048ae00000,0x000000048af00000] [id=11544]
  0x000001de662cb800 ConcurrentGCThread "G1 Refine#2" [stack: 0x000000048af00000,0x000000048b000000] [id=8344]
  0x000001de662cc800 ConcurrentGCThread "G1 Refine#3" [stack: 0x000000048b000000,0x000000048b100000] [id=9968]
  0x000001de662ce800 ConcurrentGCThread "G1 Refine#4" [stack: 0x000000048b100000,0x000000048b200000] [id=13936]
  0x000001de662ca800 ConcurrentGCThread "G1 Refine#5" [stack: 0x000000048b200000,0x000000048b300000] [id=6944]
  0x000001de662cd000 ConcurrentGCThread "G1 Refine#6" [stack: 0x000000048b300000,0x000000048b400000] [id=7752]
  0x000001de662ce000 ConcurrentGCThread "G1 Refine#7" [stack: 0x000000048b400000,0x000000048b500000] [id=13560]
  0x000001de662cf800 ConcurrentGCThread "G1 Refine#8" [stack: 0x000000048b500000,0x000000048b600000] [id=1412]
  0x000001de662d0000 ConcurrentGCThread "G1 Refine#9" [stack: 0x000000048b600000,0x000000048b700000] [id=11528]
  0x000001de63dec800 ConcurrentGCThread "G1 Young RemSet Sampling" [stack: 0x0000000489700000,0x0000000489800000] [id=7828]

Threads with active compile tasks:
C2 CompilerThread0     4346 3656       4       edu.stanford.nlp.process.AmericanizeFunction::apply (9 bytes)
C1 CompilerThread0     4346 3688       3       edu.stanford.nlp.ie.NERFeatureFactory::occurrencePatterns (779 bytes)
C2 CompilerThread1     4346 3658       4       edu.stanford.nlp.process.Americanize::americanize (161 bytes)
C2 CompilerThread2     4346 3657       4       edu.stanford.nlp.sequences.FeatureFactory::getWord (36 bytes)

VM state:not at safepoint (normal execution)

VM Mutex/Monitor currently owned by a thread:  ([mutex/lock_event])
[0x000001de34a75c30] CodeCache_lock - owner thread: 0x000001de64bdc000
[0x000001de3495a610] Compile_lock - owner thread: 0x000001de64bdc000
[0x000001de3495a850] MethodCompileQueue_lock - owner thread: 0x000001de64bdc000

Heap address: 0x0000000600c00000, size: 8180 MB, Compressed Oops mode: Zero based, Oop shift amount: 3
Narrow klass base: 0x0000000800000000, Narrow klass shift: 3
Compressed class space size: 1073741824 Address: 0x0000000800b40000

Heap:
 garbage-first heap   total 630784K, used 234736K [0x0000000600c00000, 0x0000000800000000)
  region size 2048K, 10 young (20480K), 6 survivors (12288K)
 Metaspace       used 20880K, capacity 21569K, committed 21808K, reserved 1069056K
  class space    used 2823K, capacity 3085K, committed 3200K, reserved 1048576K
Heap Regions: E=young(eden), S=young(survivor), O=old, HS=humongous(starts), HC=humongous(continues), CS=collection set, F=free, A=archive, TAMS=top-at-mark-start (previous, next)
|   0|0x0000000600c00000, 0x0000000600e00000, 0x0000000600e00000|100%|HS|  |TAMS 0x0000000600c00000, 0x0000000600e00000| Complete 
|   1|0x0000000600e00000, 0x0000000601000000, 0x0000000601000000|100%| O|  |TAMS 0x0000000600e00000, 0x0000000601000000| Untracked 
|   2|0x0000000601000000, 0x0000000601200000, 0x0000000601200000|100%|HS|  |TAMS 0x0000000601000000, 0x0000000601200000| Complete 
|   3|0x0000000601200000, 0x0000000601400000, 0x0000000601400000|100%|HC|  |TAMS 0x0000000601200000, 0x0000000601400000| Complete 
|   4|0x0000000601400000, 0x0000000601600000, 0x0000000601600000|100%|HS|  |TAMS 0x0000000601400000, 0x0000000601600000| Complete 
|   5|0x0000000601600000, 0x0000000601800000, 0x0000000601800000|100%|HS|  |TAMS 0x0000000601600000, 0x0000000601800000| Complete 
|   6|0x0000000601800000, 0x0000000601a00000, 0x0000000601a00000|100%| O|  |TAMS 0x0000000601800000, 0x0000000601a00000| Untracked 
|   7|0x0000000601a00000, 0x0000000601c00000, 0x0000000601c00000|100%| O|  |TAMS 0x0000000601a00000, 0x0000000601c00000| Untracked 
|   8|0x0000000601c00000, 0x0000000601e00000, 0x0000000601e00000|100%|HS|  |TAMS 0x0000000601c00000, 0x0000000601e00000| Complete 
|   9|0x0000000601e00000, 0x0000000602000000, 0x0000000602000000|100%|HC|  |TAMS 0x0000000601e00000, 0x0000000602000000| Complete 
|  10|0x0000000602000000, 0x0000000602200000, 0x0000000602200000|100%|HS|  |TAMS 0x0000000602000000, 0x0000000602200000| Complete 
|  11|0x0000000602200000, 0x0000000602400000, 0x0000000602400000|100%|HC|  |TAMS 0x0000000602200000, 0x0000000602400000| Complete 
|  12|0x0000000602400000, 0x0000000602600000, 0x0000000602600000|100%| O|  |TAMS 0x0000000602400000, 0x0000000602600000| Untracked 
|  13|0x0000000602600000, 0x0000000602800000, 0x0000000602800000|100%| O|  |TAMS 0x0000000602600000, 0x0000000602800000| Untracked 
|  14|0x0000000602800000, 0x0000000602a00000, 0x0000000602a00000|100%| O|  |TAMS 0x0000000602800000, 0x0000000602a00000| Untracked 
|  15|0x0000000602a00000, 0x0000000602c00000, 0x0000000602c00000|100%| O|  |TAMS 0x0000000602a00000, 0x0000000602c00000| Untracked 
|  16|0x0000000602c00000, 0x0000000602e00000, 0x0000000602e00000|100%| O|  |TAMS 0x0000000602c00000, 0x0000000602e00000| Untracked 
|  17|0x0000000602e00000, 0x0000000603000000, 0x0000000603000000|100%| O|  |TAMS 0x0000000602e00000, 0x0000000603000000| Untracked 
|  18|0x0000000603000000, 0x0000000603200000, 0x0000000603200000|100%| O|  |TAMS 0x0000000603000000, 0x0000000603200000| Untracked 
|  19|0x0000000603200000, 0x0000000603400000, 0x0000000603400000|100%| O|  |TAMS 0x0000000603200000, 0x0000000603400000| Untracked 
|  20|0x0000000603400000, 0x0000000603600000, 0x0000000603600000|100%| O|  |TAMS 0x0000000603400000, 0x0000000603600000| Untracked 
|  21|0x0000000603600000, 0x0000000603800000, 0x0000000603800000|100%| O|  |TAMS 0x0000000603600000, 0x0000000603800000| Untracked 
|  22|0x0000000603800000, 0x0000000603a00000, 0x0000000603a00000|100%| O|  |TAMS 0x0000000603800000, 0x0000000603a00000| Untracked 
|  23|0x0000000603a00000, 0x0000000603c00000, 0x0000000603c00000|100%| O|  |TAMS 0x0000000603a00000, 0x0000000603c00000| Untracked 
|  24|0x0000000603c00000, 0x0000000603e00000, 0x0000000603e00000|100%| O|  |TAMS 0x0000000603c00000, 0x0000000603e00000| Untracked 
|  25|0x0000000603e00000, 0x0000000604000000, 0x0000000604000000|100%| O|  |TAMS 0x0000000603e00000, 0x0000000604000000| Untracked 
|  26|0x0000000604000000, 0x0000000604200000, 0x0000000604200000|100%| O|  |TAMS 0x0000000604000000, 0x0000000604200000| Untracked 
|  27|0x0000000604200000, 0x0000000604400000, 0x0000000604400000|100%|HS|  |TAMS 0x0000000604200000, 0x0000000604400000| Complete 
|  28|0x0000000604400000, 0x0000000604600000, 0x0000000604600000|100%|HS|  |TAMS 0x0000000604400000, 0x0000000604600000| Complete 
|  29|0x0000000604600000, 0x0000000604800000, 0x0000000604800000|100%|HC|  |TAMS 0x0000000604600000, 0x0000000604800000| Complete 
|  30|0x0000000604800000, 0x0000000604a00000, 0x0000000604a00000|100%|HC|  |TAMS 0x0000000604800000, 0x0000000604a00000| Complete 
|  31|0x0000000604a00000, 0x0000000604c00000, 0x0000000604c00000|100%| O|  |TAMS 0x0000000604a00000, 0x0000000604a00000| Untracked 
|  32|0x0000000604c00000, 0x0000000604e00000, 0x0000000604e00000|100%|HS|  |TAMS 0x0000000604c00000, 0x0000000604e00000| Complete 
|  33|0x0000000604e00000, 0x0000000605000000, 0x0000000605000000|100%|HC|  |TAMS 0x0000000604e00000, 0x0000000605000000| Complete 
|  34|0x0000000605000000, 0x0000000605200000, 0x0000000605200000|100%|HC|  |TAMS 0x0000000605000000, 0x0000000605200000| Complete 
|  35|0x0000000605200000, 0x0000000605400000, 0x0000000605400000|100%|HS|  |TAMS 0x0000000605200000, 0x0000000605400000| Complete 
|  36|0x0000000605400000, 0x0000000605600000, 0x0000000605600000|100%|HC|  |TAMS 0x0000000605400000, 0x0000000605600000| Complete 
|  37|0x0000000605600000, 0x0000000605800000, 0x0000000605800000|100%|HC|  |TAMS 0x0000000605600000, 0x0000000605800000| Complete 
|  38|0x0000000605800000, 0x0000000605a00000, 0x0000000605a00000|100%| O|  |TAMS 0x0000000605800000, 0x0000000605a00000| Untracked 
|  39|0x0000000605a00000, 0x0000000605c00000, 0x0000000605c00000|100%| O|  |TAMS 0x0000000605a00000, 0x0000000605c00000| Untracked 
|  40|0x0000000605c00000, 0x0000000605e00000, 0x0000000605e00000|100%| O|  |TAMS 0x0000000605c00000, 0x0000000605e00000| Untracked 
|  41|0x0000000605e00000, 0x0000000606000000, 0x0000000606000000|100%| O|  |TAMS 0x0000000605e00000, 0x0000000606000000| Untracked 
|  42|0x0000000606000000, 0x0000000606200000, 0x0000000606200000|100%| O|  |TAMS 0x0000000606000000, 0x0000000606200000| Untracked 
|  43|0x0000000606200000, 0x0000000606400000, 0x0000000606400000|100%| O|  |TAMS 0x0000000606200000, 0x0000000606400000| Untracked 
|  44|0x0000000606400000, 0x0000000606600000, 0x0000000606600000|100%| O|  |TAMS 0x0000000606400000, 0x0000000606600000| Untracked 
|  45|0x0000000606600000, 0x0000000606800000, 0x0000000606800000|100%| O|  |TAMS 0x0000000606600000, 0x0000000606800000| Untracked 
|  46|0x0000000606800000, 0x0000000606a00000, 0x0000000606a00000|100%| O|  |TAMS 0x0000000606800000, 0x0000000606a00000| Untracked 
|  47|0x0000000606a00000, 0x0000000606c00000, 0x0000000606c00000|100%| O|  |TAMS 0x0000000606a00000, 0x0000000606c00000| Untracked 
|  48|0x0000000606c00000, 0x0000000606e00000, 0x0000000606e00000|100%| O|  |TAMS 0x0000000606c00000, 0x0000000606e00000| Untracked 
|  49|0x0000000606e00000, 0x0000000607000000, 0x0000000607000000|100%| O|  |TAMS 0x0000000606e00000, 0x0000000607000000| Untracked 
|  50|0x0000000607000000, 0x0000000607200000, 0x0000000607200000|100%| O|  |TAMS 0x0000000607000000, 0x0000000607200000| Untracked 
|  51|0x0000000607200000, 0x0000000607400000, 0x0000000607400000|100%| O|  |TAMS 0x0000000607200000, 0x0000000607400000| Untracked 
|  52|0x0000000607400000, 0x0000000607600000, 0x0000000607600000|100%| O|  |TAMS 0x0000000607400000, 0x0000000607600000| Untracked 
|  53|0x0000000607600000, 0x0000000607800000, 0x0000000607800000|100%| O|  |TAMS 0x0000000607600000, 0x0000000607800000| Untracked 
|  54|0x0000000607800000, 0x0000000607a00000, 0x0000000607a00000|100%| O|  |TAMS 0x0000000607800000, 0x0000000607a00000| Untracked 
|  55|0x0000000607a00000, 0x0000000607c00000, 0x0000000607c00000|100%| O|  |TAMS 0x0000000607a00000, 0x0000000607c00000| Untracked 
|  56|0x0000000607c00000, 0x0000000607e00000, 0x0000000607e00000|100%| O|  |TAMS 0x0000000607c00000, 0x0000000607e00000| Untracked 
|  57|0x0000000607e00000, 0x0000000608000000, 0x0000000608000000|100%| O|  |TAMS 0x0000000607e00000, 0x0000000608000000| Untracked 
|  58|0x0000000608000000, 0x0000000608200000, 0x0000000608200000|100%| O|  |TAMS 0x0000000608000000, 0x0000000608200000| Untracked 
|  59|0x0000000608200000, 0x0000000608400000, 0x0000000608400000|100%| O|  |TAMS 0x0000000608200000, 0x0000000608400000| Untracked 
|  60|0x0000000608400000, 0x0000000608600000, 0x0000000608600000|100%|HS|  |TAMS 0x0000000608400000, 0x0000000608600000| Complete 
|  61|0x0000000608600000, 0x0000000608800000, 0x0000000608800000|100%|HC|  |TAMS 0x0000000608600000, 0x0000000608800000| Complete 
|  62|0x0000000608800000, 0x0000000608a00000, 0x0000000608a00000|100%|HS|  |TAMS 0x0000000608800000, 0x0000000608a00000| Complete 
|  63|0x0000000608a00000, 0x0000000608c00000, 0x0000000608c00000|100%|HC|  |TAMS 0x0000000608a00000, 0x0000000608c00000| Complete 
|  64|0x0000000608c00000, 0x0000000608e00000, 0x0000000608e00000|100%|HC|  |TAMS 0x0000000608c00000, 0x0000000608e00000| Complete 
|  65|0x0000000608e00000, 0x0000000609000000, 0x0000000609000000|100%|HC|  |TAMS 0x0000000608e00000, 0x0000000609000000| Complete 
|  66|0x0000000609000000, 0x0000000609200000, 0x0000000609200000|100%|HC|  |TAMS 0x0000000609000000, 0x0000000609200000| Complete 
|  67|0x0000000609200000, 0x0000000609400000, 0x0000000609400000|100%|HC|  |TAMS 0x0000000609200000, 0x0000000609400000| Complete 
|  68|0x0000000609400000, 0x0000000609600000, 0x0000000609600000|100%|HS|  |TAMS 0x0000000609400000, 0x0000000609600000| Complete 
|  69|0x0000000609600000, 0x0000000609800000, 0x0000000609800000|100%|HC|  |TAMS 0x0000000609600000, 0x0000000609800000| Complete 
|  70|0x0000000609800000, 0x0000000609a00000, 0x0000000609a00000|100%|HC|  |TAMS 0x0000000609800000, 0x0000000609a00000| Complete 
|  71|0x0000000609a00000, 0x0000000609c00000, 0x0000000609c00000|100%|HC|  |TAMS 0x0000000609a00000, 0x0000000609c00000| Complete 
|  72|0x0000000609c00000, 0x0000000609e00000, 0x0000000609e00000|100%|HC|  |TAMS 0x0000000609c00000, 0x0000000609e00000| Complete 
|  73|0x0000000609e00000, 0x000000060a000000, 0x000000060a000000|100%|HC|  |TAMS 0x0000000609e00000, 0x000000060a000000| Complete 
|  74|0x000000060a000000, 0x000000060a200000, 0x000000060a200000|100%|HS|  |TAMS 0x000000060a000000, 0x000000060a200000| Complete 
|  75|0x000000060a200000, 0x000000060a400000, 0x000000060a400000|100%| O|  |TAMS 0x000000060a200000, 0x000000060a400000| Untracked 
|  76|0x000000060a400000, 0x000000060a600000, 0x000000060a600000|100%| O|  |TAMS 0x000000060a400000, 0x000000060a600000| Untracked 
|  77|0x000000060a600000, 0x000000060a800000, 0x000000060a800000|100%| O|  |TAMS 0x000000060a600000, 0x000000060a800000| Untracked 
|  78|0x000000060a800000, 0x000000060aa00000, 0x000000060aa00000|100%| O|  |TAMS 0x000000060a800000, 0x000000060aa00000| Untracked 
|  79|0x000000060aa00000, 0x000000060ac00000, 0x000000060ac00000|100%| O|  |TAMS 0x000000060aa00000, 0x000000060ac00000| Untracked 
|  80|0x000000060ac00000, 0x000000060ae00000, 0x000000060ae00000|100%| O|  |TAMS 0x000000060ac00000, 0x000000060ae00000| Untracked 
|  81|0x000000060ae00000, 0x000000060b000000, 0x000000060b000000|100%| O|  |TAMS 0x000000060ae00000, 0x000000060b000000| Untracked 
|  82|0x000000060b000000, 0x000000060b200000, 0x000000060b200000|100%| O|  |TAMS 0x000000060b000000, 0x000000060b200000| Untracked 
|  83|0x000000060b200000, 0x000000060b400000, 0x000000060b400000|100%| O|  |TAMS 0x000000060b200000, 0x000000060b400000| Untracked 
|  84|0x000000060b400000, 0x000000060b600000, 0x000000060b600000|100%| O|  |TAMS 0x000000060b400000, 0x000000060b600000| Untracked 
|  85|0x000000060b600000, 0x000000060b800000, 0x000000060b800000|100%| O|  |TAMS 0x000000060b600000, 0x000000060b800000| Untracked 
|  86|0x000000060b800000, 0x000000060ba00000, 0x000000060ba00000|100%| O|  |TAMS 0x000000060b800000, 0x000000060ba00000| Untracked 
|  87|0x000000060ba00000, 0x000000060bc00000, 0x000000060bc00000|100%| O|  |TAMS 0x000000060ba00000, 0x000000060bc00000| Untracked 
|  88|0x000000060bc00000, 0x000000060be00000, 0x000000060be00000|100%| O|  |TAMS 0x000000060bc00000, 0x000000060be00000| Untracked 
|  89|0x000000060be00000, 0x000000060c000000, 0x000000060c000000|100%| O|  |TAMS 0x000000060be00000, 0x000000060c000000| Untracked 
|  90|0x000000060c000000, 0x000000060c200000, 0x000000060c200000|100%| O|  |TAMS 0x000000060c000000, 0x000000060c200000| Untracked 
|  91|0x000000060c200000, 0x000000060c400000, 0x000000060c400000|100%| O|  |TAMS 0x000000060c200000, 0x000000060c400000| Untracked 
|  92|0x000000060c400000, 0x000000060c600000, 0x000000060c600000|100%| O|  |TAMS 0x000000060c400000, 0x000000060c5ca800| Untracked 
|  93|0x000000060c600000, 0x000000060c800000, 0x000000060c800000|100%| O|  |TAMS 0x000000060c600000, 0x000000060c600000| Untracked 
|  94|0x000000060c800000, 0x000000060ca00000, 0x000000060ca00000|100%| O|  |TAMS 0x000000060c800000, 0x000000060c800000| Untracked 
|  95|0x000000060ca00000, 0x000000060cc00000, 0x000000060cc00000|100%| O|  |TAMS 0x000000060ca00000, 0x000000060ca00000| Untracked 
|  96|0x000000060cc00000, 0x000000060ce00000, 0x000000060ce00000|100%| O|  |TAMS 0x000000060cc00000, 0x000000060cc00000| Untracked 
|  97|0x000000060ce00000, 0x000000060d000000, 0x000000060d000000|100%| O|  |TAMS 0x000000060ce00000, 0x000000060ce00000| Untracked 
|  98|0x000000060d000000, 0x000000060d200000, 0x000000060d200000|100%| O|  |TAMS 0x000000060d000000, 0x000000060d000000| Untracked 
|  99|0x000000060d200000, 0x000000060d400000, 0x000000060d400000|100%| O|  |TAMS 0x000000060d200000, 0x000000060d200000| Untracked 
| 100|0x000000060d400000, 0x000000060d600000, 0x000000060d600000|100%| O|  |TAMS 0x000000060d400000, 0x000000060d400000| Untracked 
| 101|0x000000060d600000, 0x000000060d800000, 0x000000060d800000|100%| O|  |TAMS 0x000000060d600000, 0x000000060d600000| Untracked 
| 102|0x000000060d800000, 0x000000060da00000, 0x000000060da00000|100%| O|  |TAMS 0x000000060d800000, 0x000000060d800000| Untracked 
| 103|0x000000060da00000, 0x000000060dc00000, 0x000000060dc00000|100%| O|  |TAMS 0x000000060da00000, 0x000000060da00000| Untracked 
| 104|0x000000060dc00000, 0x000000060de00000, 0x000000060de00000|100%| O|  |TAMS 0x000000060dc00000, 0x000000060dc00000| Untracked 
| 105|0x000000060de00000, 0x000000060df3c200, 0x000000060e000000| 61%| O|  |TAMS 0x000000060de00000, 0x000000060de00000| Untracked 
| 106|0x000000060e000000, 0x000000060e000000, 0x000000060e200000|  0%| F|  |TAMS 0x000000060e000000, 0x000000060e000000| Untracked 
| 107|0x000000060e200000, 0x000000060e200000, 0x000000060e400000|  0%| F|  |TAMS 0x000000060e200000, 0x000000060e200000| Untracked 
| 108|0x000000060e400000, 0x000000060e400000, 0x000000060e600000|  0%| F|  |TAMS 0x000000060e400000, 0x000000060e400000| Untracked 
| 109|0x000000060e600000, 0x000000060e600000, 0x000000060e800000|  0%| F|  |TAMS 0x000000060e600000, 0x000000060e600000| Untracked 
| 110|0x000000060e800000, 0x000000060e800000, 0x000000060ea00000|  0%| F|  |TAMS 0x000000060e800000, 0x000000060e800000| Untracked 
| 111|0x000000060ea00000, 0x000000060ea00000, 0x000000060ec00000|  0%| F|  |TAMS 0x000000060ea00000, 0x000000060ea00000| Untracked 
| 112|0x000000060ec00000, 0x000000060ec00000, 0x000000060ee00000|  0%| F|  |TAMS 0x000000060ec00000, 0x000000060ec00000| Untracked 
| 113|0x000000060ee00000, 0x000000060ee00000, 0x000000060f000000|  0%| F|  |TAMS 0x000000060ee00000, 0x000000060ee00000| Untracked 
| 114|0x000000060f000000, 0x000000060f000000, 0x000000060f200000|  0%| F|  |TAMS 0x000000060f000000, 0x000000060f000000| Untracked 
| 115|0x000000060f200000, 0x000000060f200000, 0x000000060f400000|  0%| F|  |TAMS 0x000000060f200000, 0x000000060f200000| Untracked 
| 116|0x000000060f400000, 0x000000060f400000, 0x000000060f600000|  0%| F|  |TAMS 0x000000060f400000, 0x000000060f400000| Untracked 
| 117|0x000000060f600000, 0x000000060f600000, 0x000000060f800000|  0%| F|  |TAMS 0x000000060f600000, 0x000000060f600000| Untracked 
| 118|0x000000060f800000, 0x000000060f800000, 0x000000060fa00000|  0%| F|  |TAMS 0x000000060f800000, 0x000000060f800000| Untracked 
| 119|0x000000060fa00000, 0x000000060fa00000, 0x000000060fc00000|  0%| F|  |TAMS 0x000000060fa00000, 0x000000060fa00000| Untracked 
| 120|0x000000060fc00000, 0x000000060fc00000, 0x000000060fe00000|  0%| F|  |TAMS 0x000000060fc00000, 0x000000060fc00000| Untracked 
| 121|0x000000060fe00000, 0x000000060fe00000, 0x0000000610000000|  0%| F|  |TAMS 0x000000060fe00000, 0x000000060fe00000| Untracked 
| 122|0x0000000610000000, 0x0000000610000000, 0x0000000610200000|  0%| F|  |TAMS 0x0000000610000000, 0x0000000610000000| Untracked 
| 123|0x0000000610200000, 0x0000000610200000, 0x0000000610400000|  0%| F|  |TAMS 0x0000000610200000, 0x0000000610200000| Untracked 
| 124|0x0000000610400000, 0x0000000610400000, 0x0000000610600000|  0%| F|  |TAMS 0x0000000610400000, 0x0000000610400000| Untracked 
| 125|0x0000000610600000, 0x0000000610600000, 0x0000000610800000|  0%| F|  |TAMS 0x0000000610600000, 0x0000000610600000| Untracked 
| 126|0x0000000610800000, 0x0000000610800000, 0x0000000610a00000|  0%| F|  |TAMS 0x0000000610800000, 0x0000000610800000| Untracked 
| 127|0x0000000610a00000, 0x0000000610a00000, 0x0000000610c00000|  0%| F|  |TAMS 0x0000000610a00000, 0x0000000610a00000| Untracked 
| 128|0x0000000610c00000, 0x0000000610c00000, 0x0000000610e00000|  0%| F|  |TAMS 0x0000000610c00000, 0x0000000610c00000| Untracked 
| 129|0x0000000610e00000, 0x0000000610e00000, 0x0000000611000000|  0%| F|  |TAMS 0x0000000610e00000, 0x0000000610e00000| Untracked 
| 130|0x0000000611000000, 0x0000000611000000, 0x0000000611200000|  0%| F|  |TAMS 0x0000000611000000, 0x0000000611000000| Untracked 
| 131|0x0000000611200000, 0x0000000611200000, 0x0000000611400000|  0%| F|  |TAMS 0x0000000611200000, 0x0000000611200000| Untracked 
| 132|0x0000000611400000, 0x0000000611400000, 0x0000000611600000|  0%| F|  |TAMS 0x0000000611400000, 0x0000000611400000| Untracked 
| 133|0x0000000611600000, 0x0000000611600000, 0x0000000611800000|  0%| F|  |TAMS 0x0000000611600000, 0x0000000611600000| Untracked 
| 134|0x0000000611800000, 0x0000000611800000, 0x0000000611a00000|  0%| F|  |TAMS 0x0000000611800000, 0x0000000611800000| Untracked 
| 135|0x0000000611a00000, 0x0000000611a00000, 0x0000000611c00000|  0%| F|  |TAMS 0x0000000611a00000, 0x0000000611a00000| Untracked 
| 136|0x0000000611c00000, 0x0000000611c00000, 0x0000000611e00000|  0%| F|  |TAMS 0x0000000611c00000, 0x0000000611c00000| Untracked 
| 137|0x0000000611e00000, 0x0000000611e00000, 0x0000000612000000|  0%| F|  |TAMS 0x0000000611e00000, 0x0000000611e00000| Untracked 
| 138|0x0000000612000000, 0x0000000612000000, 0x0000000612200000|  0%| F|  |TAMS 0x0000000612000000, 0x0000000612000000| Untracked 
| 139|0x0000000612200000, 0x0000000612200000, 0x0000000612400000|  0%| F|  |TAMS 0x0000000612200000, 0x0000000612200000| Untracked 
| 140|0x0000000612400000, 0x0000000612400000, 0x0000000612600000|  0%| F|  |TAMS 0x0000000612400000, 0x0000000612400000| Untracked 
| 141|0x0000000612600000, 0x0000000612600000, 0x0000000612800000|  0%| F|  |TAMS 0x0000000612600000, 0x0000000612600000| Untracked 
| 142|0x0000000612800000, 0x0000000612800000, 0x0000000612a00000|  0%| F|  |TAMS 0x0000000612800000, 0x0000000612800000| Untracked 
| 143|0x0000000612a00000, 0x0000000612a00000, 0x0000000612c00000|  0%| F|  |TAMS 0x0000000612a00000, 0x0000000612a00000| Untracked 
| 144|0x0000000612c00000, 0x0000000612c00000, 0x0000000612e00000|  0%| F|  |TAMS 0x0000000612c00000, 0x0000000612c00000| Untracked 
| 145|0x0000000612e00000, 0x0000000612e00000, 0x0000000613000000|  0%| F|  |TAMS 0x0000000612e00000, 0x0000000612e00000| Untracked 
| 146|0x0000000613000000, 0x0000000613000000, 0x0000000613200000|  0%| F|  |TAMS 0x0000000613000000, 0x0000000613000000| Untracked 
| 147|0x0000000613200000, 0x0000000613200000, 0x0000000613400000|  0%| F|  |TAMS 0x0000000613200000, 0x0000000613200000| Untracked 
| 148|0x0000000613400000, 0x0000000613400000, 0x0000000613600000|  0%| F|  |TAMS 0x0000000613400000, 0x0000000613400000| Untracked 
| 149|0x0000000613600000, 0x0000000613600000, 0x0000000613800000|  0%| F|  |TAMS 0x0000000613600000, 0x0000000613600000| Untracked 
| 150|0x0000000613800000, 0x0000000613800000, 0x0000000613a00000|  0%| F|  |TAMS 0x0000000613800000, 0x0000000613800000| Untracked 
| 151|0x0000000613a00000, 0x0000000613a00000, 0x0000000613c00000|  0%| F|  |TAMS 0x0000000613a00000, 0x0000000613a00000| Untracked 
| 152|0x0000000613c00000, 0x0000000613c00000, 0x0000000613e00000|  0%| F|  |TAMS 0x0000000613c00000, 0x0000000613c00000| Untracked 
| 153|0x0000000613e00000, 0x0000000613e00000, 0x0000000614000000|  0%| F|  |TAMS 0x0000000613e00000, 0x0000000613e00000| Untracked 
| 154|0x0000000614000000, 0x0000000614000000, 0x0000000614200000|  0%| F|  |TAMS 0x0000000614000000, 0x0000000614000000| Untracked 
| 155|0x0000000614200000, 0x0000000614200000, 0x0000000614400000|  0%| F|  |TAMS 0x0000000614200000, 0x0000000614200000| Untracked 
| 156|0x0000000614400000, 0x0000000614400000, 0x0000000614600000|  0%| F|  |TAMS 0x0000000614400000, 0x0000000614400000| Untracked 
| 157|0x0000000614600000, 0x0000000614600000, 0x0000000614800000|  0%| F|  |TAMS 0x0000000614600000, 0x0000000614600000| Untracked 
| 158|0x0000000614800000, 0x0000000614800000, 0x0000000614a00000|  0%| F|  |TAMS 0x0000000614800000, 0x0000000614800000| Untracked 
| 159|0x0000000614a00000, 0x0000000614a00000, 0x0000000614c00000|  0%| F|  |TAMS 0x0000000614a00000, 0x0000000614a00000| Untracked 
| 160|0x0000000614c00000, 0x0000000614c00000, 0x0000000614e00000|  0%| F|  |TAMS 0x0000000614c00000, 0x0000000614c00000| Untracked 
| 161|0x0000000614e00000, 0x0000000614e00000, 0x0000000615000000|  0%| F|  |TAMS 0x0000000614e00000, 0x0000000614e00000| Untracked 
| 162|0x0000000615000000, 0x0000000615000000, 0x0000000615200000|  0%| F|  |TAMS 0x0000000615000000, 0x0000000615000000| Untracked 
| 163|0x0000000615200000, 0x0000000615200000, 0x0000000615400000|  0%| F|  |TAMS 0x0000000615200000, 0x0000000615200000| Untracked 
| 164|0x0000000615400000, 0x0000000615400000, 0x0000000615600000|  0%| F|  |TAMS 0x0000000615400000, 0x0000000615400000| Untracked 
| 165|0x0000000615600000, 0x0000000615600000, 0x0000000615800000|  0%| F|  |TAMS 0x0000000615600000, 0x0000000615600000| Untracked 
| 166|0x0000000615800000, 0x0000000615800000, 0x0000000615a00000|  0%| F|  |TAMS 0x0000000615800000, 0x0000000615800000| Untracked 
| 167|0x0000000615a00000, 0x0000000615a00000, 0x0000000615c00000|  0%| F|  |TAMS 0x0000000615a00000, 0x0000000615a00000| Untracked 
| 168|0x0000000615c00000, 0x0000000615c00000, 0x0000000615e00000|  0%| F|  |TAMS 0x0000000615c00000, 0x0000000615c00000| Untracked 
| 169|0x0000000615e00000, 0x0000000615e00000, 0x0000000616000000|  0%| F|  |TAMS 0x0000000615e00000, 0x0000000615e00000| Untracked 
| 170|0x0000000616000000, 0x0000000616000000, 0x0000000616200000|  0%| F|  |TAMS 0x0000000616000000, 0x0000000616000000| Untracked 
| 171|0x0000000616200000, 0x0000000616200000, 0x0000000616400000|  0%| F|  |TAMS 0x0000000616200000, 0x0000000616200000| Untracked 
| 172|0x0000000616400000, 0x0000000616400000, 0x0000000616600000|  0%| F|  |TAMS 0x0000000616400000, 0x0000000616400000| Untracked 
| 173|0x0000000616600000, 0x0000000616600000, 0x0000000616800000|  0%| F|  |TAMS 0x0000000616600000, 0x0000000616600000| Untracked 
| 174|0x0000000616800000, 0x0000000616800000, 0x0000000616a00000|  0%| F|  |TAMS 0x0000000616800000, 0x0000000616800000| Untracked 
| 175|0x0000000616a00000, 0x0000000616a00000, 0x0000000616c00000|  0%| F|  |TAMS 0x0000000616a00000, 0x0000000616a00000| Untracked 
| 176|0x0000000616c00000, 0x0000000616c00000, 0x0000000616e00000|  0%| F|  |TAMS 0x0000000616c00000, 0x0000000616c00000| Untracked 
| 177|0x0000000616e00000, 0x0000000616e00000, 0x0000000617000000|  0%| F|  |TAMS 0x0000000616e00000, 0x0000000616e00000| Untracked 
| 178|0x0000000617000000, 0x0000000617000000, 0x0000000617200000|  0%| F|  |TAMS 0x0000000617000000, 0x0000000617000000| Untracked 
| 179|0x0000000617200000, 0x0000000617200000, 0x0000000617400000|  0%| F|  |TAMS 0x0000000617200000, 0x0000000617200000| Untracked 
| 180|0x0000000617400000, 0x0000000617400000, 0x0000000617600000|  0%| F|  |TAMS 0x0000000617400000, 0x0000000617400000| Untracked 
| 181|0x0000000617600000, 0x0000000617600000, 0x0000000617800000|  0%| F|  |TAMS 0x0000000617600000, 0x0000000617600000| Untracked 
| 182|0x0000000617800000, 0x0000000617800000, 0x0000000617a00000|  0%| F|  |TAMS 0x0000000617800000, 0x0000000617800000| Untracked 
| 183|0x0000000617a00000, 0x0000000617a00000, 0x0000000617c00000|  0%| F|  |TAMS 0x0000000617a00000, 0x0000000617a00000| Untracked 
| 184|0x0000000617c00000, 0x0000000617c00000, 0x0000000617e00000|  0%| F|  |TAMS 0x0000000617c00000, 0x0000000617c00000| Untracked 
| 185|0x0000000617e00000, 0x0000000617e00000, 0x0000000618000000|  0%| F|  |TAMS 0x0000000617e00000, 0x0000000617e00000| Untracked 
| 186|0x0000000618000000, 0x0000000618000000, 0x0000000618200000|  0%| F|  |TAMS 0x0000000618000000, 0x0000000618000000| Untracked 
| 187|0x0000000618200000, 0x0000000618200000, 0x0000000618400000|  0%| F|  |TAMS 0x0000000618200000, 0x0000000618200000| Untracked 
| 188|0x0000000618400000, 0x0000000618400000, 0x0000000618600000|  0%| F|  |TAMS 0x0000000618400000, 0x0000000618400000| Untracked 
| 189|0x0000000618600000, 0x0000000618600000, 0x0000000618800000|  0%| F|  |TAMS 0x0000000618600000, 0x0000000618600000| Untracked 
| 190|0x0000000618800000, 0x0000000618800000, 0x0000000618a00000|  0%| F|  |TAMS 0x0000000618800000, 0x0000000618800000| Untracked 
| 191|0x0000000618a00000, 0x0000000618a00000, 0x0000000618c00000|  0%| F|  |TAMS 0x0000000618a00000, 0x0000000618a00000| Untracked 
| 192|0x0000000618c00000, 0x0000000618c00000, 0x0000000618e00000|  0%| F|  |TAMS 0x0000000618c00000, 0x0000000618c00000| Untracked 
| 193|0x0000000618e00000, 0x0000000618e00000, 0x0000000619000000|  0%| F|  |TAMS 0x0000000618e00000, 0x0000000618e00000| Untracked 
| 194|0x0000000619000000, 0x0000000619000000, 0x0000000619200000|  0%| F|  |TAMS 0x0000000619000000, 0x0000000619000000| Untracked 
| 195|0x0000000619200000, 0x0000000619200000, 0x0000000619400000|  0%| F|  |TAMS 0x0000000619200000, 0x0000000619200000| Untracked 
| 196|0x0000000619400000, 0x0000000619400000, 0x0000000619600000|  0%| F|  |TAMS 0x0000000619400000, 0x0000000619400000| Untracked 
| 197|0x0000000619600000, 0x0000000619600000, 0x0000000619800000|  0%| F|  |TAMS 0x0000000619600000, 0x0000000619600000| Untracked 
| 198|0x0000000619800000, 0x0000000619800000, 0x0000000619a00000|  0%| F|  |TAMS 0x0000000619800000, 0x0000000619800000| Untracked 
| 199|0x0000000619a00000, 0x0000000619a00000, 0x0000000619c00000|  0%| F|  |TAMS 0x0000000619a00000, 0x0000000619a00000| Untracked 
| 200|0x0000000619c00000, 0x0000000619c00000, 0x0000000619e00000|  0%| F|  |TAMS 0x0000000619c00000, 0x0000000619c00000| Untracked 
| 201|0x0000000619e00000, 0x0000000619e00000, 0x000000061a000000|  0%| F|  |TAMS 0x0000000619e00000, 0x0000000619e00000| Untracked 
| 202|0x000000061a000000, 0x000000061a000000, 0x000000061a200000|  0%| F|  |TAMS 0x000000061a000000, 0x000000061a000000| Untracked 
| 203|0x000000061a200000, 0x000000061a200000, 0x000000061a400000|  0%| F|  |TAMS 0x000000061a200000, 0x000000061a200000| Untracked 
| 204|0x000000061a400000, 0x000000061a400000, 0x000000061a600000|  0%| F|  |TAMS 0x000000061a400000, 0x000000061a400000| Untracked 
| 205|0x000000061a600000, 0x000000061a600000, 0x000000061a800000|  0%| F|  |TAMS 0x000000061a600000, 0x000000061a600000| Untracked 
| 206|0x000000061a800000, 0x000000061a800000, 0x000000061aa00000|  0%| F|  |TAMS 0x000000061a800000, 0x000000061a800000| Untracked 
| 207|0x000000061aa00000, 0x000000061aa00000, 0x000000061ac00000|  0%| F|  |TAMS 0x000000061aa00000, 0x000000061aa00000| Untracked 
| 208|0x000000061ac00000, 0x000000061ac00000, 0x000000061ae00000|  0%| F|  |TAMS 0x000000061ac00000, 0x000000061ac00000| Untracked 
| 209|0x000000061ae00000, 0x000000061ae00000, 0x000000061b000000|  0%| F|  |TAMS 0x000000061ae00000, 0x000000061ae00000| Untracked 
| 210|0x000000061b000000, 0x000000061b000000, 0x000000061b200000|  0%| F|  |TAMS 0x000000061b000000, 0x000000061b000000| Untracked 
| 211|0x000000061b200000, 0x000000061b200000, 0x000000061b400000|  0%| F|  |TAMS 0x000000061b200000, 0x000000061b200000| Untracked 
| 212|0x000000061b400000, 0x000000061b400000, 0x000000061b600000|  0%| F|  |TAMS 0x000000061b400000, 0x000000061b400000| Untracked 
| 213|0x000000061b600000, 0x000000061b600000, 0x000000061b800000|  0%| F|  |TAMS 0x000000061b600000, 0x000000061b600000| Untracked 
| 214|0x000000061b800000, 0x000000061b800000, 0x000000061ba00000|  0%| F|  |TAMS 0x000000061b800000, 0x000000061b800000| Untracked 
| 215|0x000000061ba00000, 0x000000061ba00000, 0x000000061bc00000|  0%| F|  |TAMS 0x000000061ba00000, 0x000000061ba00000| Untracked 
| 216|0x000000061bc00000, 0x000000061bc00000, 0x000000061be00000|  0%| F|  |TAMS 0x000000061bc00000, 0x000000061bc00000| Untracked 
| 217|0x000000061be00000, 0x000000061be00000, 0x000000061c000000|  0%| F|  |TAMS 0x000000061be00000, 0x000000061be00000| Untracked 
| 218|0x000000061c000000, 0x000000061c000000, 0x000000061c200000|  0%| F|  |TAMS 0x000000061c000000, 0x000000061c000000| Untracked 
| 219|0x000000061c200000, 0x000000061c200000, 0x000000061c400000|  0%| F|  |TAMS 0x000000061c200000, 0x000000061c200000| Untracked 
| 220|0x000000061c400000, 0x000000061c400000, 0x000000061c600000|  0%| F|  |TAMS 0x000000061c400000, 0x000000061c400000| Untracked 
| 221|0x000000061c600000, 0x000000061c600000, 0x000000061c800000|  0%| F|  |TAMS 0x000000061c600000, 0x000000061c600000| Untracked 
| 222|0x000000061c800000, 0x000000061c800000, 0x000000061ca00000|  0%| F|  |TAMS 0x000000061c800000, 0x000000061c800000| Untracked 
| 223|0x000000061ca00000, 0x000000061ca00000, 0x000000061cc00000|  0%| F|  |TAMS 0x000000061ca00000, 0x000000061ca00000| Untracked 
| 224|0x000000061cc00000, 0x000000061cc00000, 0x000000061ce00000|  0%| F|  |TAMS 0x000000061cc00000, 0x000000061cc00000| Untracked 
| 225|0x000000061ce00000, 0x000000061ce00000, 0x000000061d000000|  0%| F|  |TAMS 0x000000061ce00000, 0x000000061ce00000| Untracked 
| 226|0x000000061d000000, 0x000000061d000000, 0x000000061d200000|  0%| F|  |TAMS 0x000000061d000000, 0x000000061d000000| Untracked 
| 227|0x000000061d200000, 0x000000061d200000, 0x000000061d400000|  0%| F|  |TAMS 0x000000061d200000, 0x000000061d200000| Untracked 
| 228|0x000000061d400000, 0x000000061d400000, 0x000000061d600000|  0%| F|  |TAMS 0x000000061d400000, 0x000000061d400000| Untracked 
| 229|0x000000061d600000, 0x000000061d600000, 0x000000061d800000|  0%| F|  |TAMS 0x000000061d600000, 0x000000061d600000| Untracked 
| 230|0x000000061d800000, 0x000000061d800000, 0x000000061da00000|  0%| F|  |TAMS 0x000000061d800000, 0x000000061d800000| Untracked 
| 231|0x000000061da00000, 0x000000061da00000, 0x000000061dc00000|  0%| F|  |TAMS 0x000000061da00000, 0x000000061da00000| Untracked 
| 232|0x000000061dc00000, 0x000000061dc00000, 0x000000061de00000|  0%| F|  |TAMS 0x000000061dc00000, 0x000000061dc00000| Untracked 
| 233|0x000000061de00000, 0x000000061de00000, 0x000000061e000000|  0%| F|  |TAMS 0x000000061de00000, 0x000000061de00000| Untracked 
| 234|0x000000061e000000, 0x000000061e000000, 0x000000061e200000|  0%| F|  |TAMS 0x000000061e000000, 0x000000061e000000| Untracked 
| 235|0x000000061e200000, 0x000000061e200000, 0x000000061e400000|  0%| F|  |TAMS 0x000000061e200000, 0x000000061e200000| Untracked 
| 236|0x000000061e400000, 0x000000061e400000, 0x000000061e600000|  0%| F|  |TAMS 0x000000061e400000, 0x000000061e400000| Untracked 
| 237|0x000000061e600000, 0x000000061e600000, 0x000000061e800000|  0%| F|  |TAMS 0x000000061e600000, 0x000000061e600000| Untracked 
| 238|0x000000061e800000, 0x000000061e800000, 0x000000061ea00000|  0%| F|  |TAMS 0x000000061e800000, 0x000000061e800000| Untracked 
| 239|0x000000061ea00000, 0x000000061ea00000, 0x000000061ec00000|  0%| F|  |TAMS 0x000000061ea00000, 0x000000061ea00000| Untracked 
| 240|0x000000061ec00000, 0x000000061ec00000, 0x000000061ee00000|  0%| F|  |TAMS 0x000000061ec00000, 0x000000061ec00000| Untracked 
| 241|0x000000061ee00000, 0x000000061ee00000, 0x000000061f000000|  0%| F|  |TAMS 0x000000061ee00000, 0x000000061ee00000| Untracked 
| 242|0x000000061f000000, 0x000000061f000000, 0x000000061f200000|  0%| F|  |TAMS 0x000000061f000000, 0x000000061f000000| Untracked 
| 243|0x000000061f200000, 0x000000061f200000, 0x000000061f400000|  0%| F|  |TAMS 0x000000061f200000, 0x000000061f200000| Untracked 
| 244|0x000000061f400000, 0x000000061f400000, 0x000000061f600000|  0%| F|  |TAMS 0x000000061f400000, 0x000000061f400000| Untracked 
| 245|0x000000061f600000, 0x000000061f600000, 0x000000061f800000|  0%| F|  |TAMS 0x000000061f600000, 0x000000061f600000| Untracked 
| 246|0x000000061f800000, 0x000000061f800000, 0x000000061fa00000|  0%| F|  |TAMS 0x000000061f800000, 0x000000061f800000| Untracked 
| 247|0x000000061fa00000, 0x000000061fa00000, 0x000000061fc00000|  0%| F|  |TAMS 0x000000061fa00000, 0x000000061fa00000| Untracked 
| 248|0x000000061fc00000, 0x000000061fc00000, 0x000000061fe00000|  0%| F|  |TAMS 0x000000061fc00000, 0x000000061fc00000| Untracked 
| 249|0x000000061fe00000, 0x000000061fe00000, 0x0000000620000000|  0%| F|  |TAMS 0x000000061fe00000, 0x000000061fe00000| Untracked 
| 250|0x0000000620000000, 0x0000000620000000, 0x0000000620200000|  0%| F|  |TAMS 0x0000000620000000, 0x0000000620000000| Untracked 
| 251|0x0000000620200000, 0x0000000620200000, 0x0000000620400000|  0%| F|  |TAMS 0x0000000620200000, 0x0000000620200000| Untracked 
| 252|0x0000000620400000, 0x0000000620400000, 0x0000000620600000|  0%| F|  |TAMS 0x0000000620400000, 0x0000000620400000| Untracked 
| 253|0x0000000620600000, 0x0000000620600000, 0x0000000620800000|  0%| F|  |TAMS 0x0000000620600000, 0x0000000620600000| Untracked 
| 254|0x0000000620800000, 0x0000000620800000, 0x0000000620a00000|  0%| F|  |TAMS 0x0000000620800000, 0x0000000620800000| Untracked 
| 255|0x0000000620a00000, 0x0000000620a00000, 0x0000000620c00000|  0%| F|  |TAMS 0x0000000620a00000, 0x0000000620a00000| Untracked 
| 256|0x0000000620c00000, 0x0000000620c00000, 0x0000000620e00000|  0%| F|  |TAMS 0x0000000620c00000, 0x0000000620c00000| Untracked 
| 257|0x0000000620e00000, 0x0000000620e00000, 0x0000000621000000|  0%| F|  |TAMS 0x0000000620e00000, 0x0000000620e00000| Untracked 
| 258|0x0000000621000000, 0x0000000621000000, 0x0000000621200000|  0%| F|  |TAMS 0x0000000621000000, 0x0000000621000000| Untracked 
| 259|0x0000000621200000, 0x0000000621200000, 0x0000000621400000|  0%| F|  |TAMS 0x0000000621200000, 0x0000000621200000| Untracked 
| 260|0x0000000621400000, 0x0000000621400000, 0x0000000621600000|  0%| F|  |TAMS 0x0000000621400000, 0x0000000621400000| Untracked 
| 261|0x0000000621600000, 0x0000000621600000, 0x0000000621800000|  0%| F|  |TAMS 0x0000000621600000, 0x0000000621600000| Untracked 
| 262|0x0000000621800000, 0x0000000621800000, 0x0000000621a00000|  0%| F|  |TAMS 0x0000000621800000, 0x0000000621800000| Untracked 
| 263|0x0000000621a00000, 0x0000000621a00000, 0x0000000621c00000|  0%| F|  |TAMS 0x0000000621a00000, 0x0000000621a00000| Untracked 
| 264|0x0000000621c00000, 0x0000000621c00000, 0x0000000621e00000|  0%| F|  |TAMS 0x0000000621c00000, 0x0000000621c00000| Untracked 
| 265|0x0000000621e00000, 0x0000000621e00000, 0x0000000622000000|  0%| F|  |TAMS 0x0000000621e00000, 0x0000000621e00000| Untracked 
| 266|0x0000000622000000, 0x0000000622000000, 0x0000000622200000|  0%| F|  |TAMS 0x0000000622000000, 0x0000000622000000| Untracked 
| 267|0x0000000622200000, 0x0000000622200000, 0x0000000622400000|  0%| F|  |TAMS 0x0000000622200000, 0x0000000622200000| Untracked 
| 268|0x0000000622400000, 0x0000000622400000, 0x0000000622600000|  0%| F|  |TAMS 0x0000000622400000, 0x0000000622400000| Untracked 
| 269|0x0000000622600000, 0x0000000622600000, 0x0000000622800000|  0%| F|  |TAMS 0x0000000622600000, 0x0000000622600000| Untracked 
| 270|0x0000000622800000, 0x0000000622800000, 0x0000000622a00000|  0%| F|  |TAMS 0x0000000622800000, 0x0000000622800000| Untracked 
| 271|0x0000000622a00000, 0x0000000622a00000, 0x0000000622c00000|  0%| F|  |TAMS 0x0000000622a00000, 0x0000000622a00000| Untracked 
| 272|0x0000000622c00000, 0x0000000622c00000, 0x0000000622e00000|  0%| F|  |TAMS 0x0000000622c00000, 0x0000000622c00000| Untracked 
| 273|0x0000000622e00000, 0x0000000622e00000, 0x0000000623000000|  0%| F|  |TAMS 0x0000000622e00000, 0x0000000622e00000| Untracked 
| 274|0x0000000623000000, 0x0000000623000000, 0x0000000623200000|  0%| F|  |TAMS 0x0000000623000000, 0x0000000623000000| Untracked 
| 275|0x0000000623200000, 0x0000000623200000, 0x0000000623400000|  0%| F|  |TAMS 0x0000000623200000, 0x0000000623200000| Untracked 
| 276|0x0000000623400000, 0x0000000623400000, 0x0000000623600000|  0%| F|  |TAMS 0x0000000623400000, 0x0000000623400000| Untracked 
| 277|0x0000000623600000, 0x0000000623600000, 0x0000000623800000|  0%| F|  |TAMS 0x0000000623600000, 0x0000000623600000| Untracked 
| 278|0x0000000623800000, 0x0000000623800000, 0x0000000623a00000|  0%| F|  |TAMS 0x0000000623800000, 0x0000000623800000| Untracked 
| 279|0x0000000623a00000, 0x0000000623a00000, 0x0000000623c00000|  0%| F|  |TAMS 0x0000000623a00000, 0x0000000623a00000| Untracked 
| 280|0x0000000623c00000, 0x0000000623c00000, 0x0000000623e00000|  0%| F|  |TAMS 0x0000000623c00000, 0x0000000623c00000| Untracked 
| 281|0x0000000623e00000, 0x0000000623e00000, 0x0000000624000000|  0%| F|  |TAMS 0x0000000623e00000, 0x0000000623e00000| Untracked 
| 282|0x0000000624000000, 0x0000000624000000, 0x0000000624200000|  0%| F|  |TAMS 0x0000000624000000, 0x0000000624000000| Untracked 
| 283|0x0000000624200000, 0x0000000624200000, 0x0000000624400000|  0%| F|  |TAMS 0x0000000624200000, 0x0000000624200000| Untracked 
| 284|0x0000000624400000, 0x0000000624400000, 0x0000000624600000|  0%| F|  |TAMS 0x0000000624400000, 0x0000000624400000| Untracked 
| 285|0x0000000624600000, 0x0000000624600000, 0x0000000624800000|  0%| F|  |TAMS 0x0000000624600000, 0x0000000624600000| Untracked 
| 286|0x0000000624800000, 0x0000000624800000, 0x0000000624a00000|  0%| F|  |TAMS 0x0000000624800000, 0x0000000624800000| Untracked 
| 287|0x0000000624a00000, 0x0000000624c00000, 0x0000000624c00000|100%| S|CS|TAMS 0x0000000624a00000, 0x0000000624a00000| Complete 
| 288|0x0000000624c00000, 0x0000000624e00000, 0x0000000624e00000|100%| S|CS|TAMS 0x0000000624c00000, 0x0000000624c00000| Complete 
| 289|0x0000000624e00000, 0x0000000625000000, 0x0000000625000000|100%| S|CS|TAMS 0x0000000624e00000, 0x0000000624e00000| Complete 
| 290|0x0000000625000000, 0x0000000625200000, 0x0000000625200000|100%| S|CS|TAMS 0x0000000625000000, 0x0000000625000000| Complete 
| 291|0x0000000625200000, 0x0000000625400000, 0x0000000625400000|100%| S|CS|TAMS 0x0000000625200000, 0x0000000625200000| Complete 
| 292|0x0000000625400000, 0x0000000625600000, 0x0000000625600000|100%| S|CS|TAMS 0x0000000625400000, 0x0000000625400000| Complete 
| 293|0x0000000625600000, 0x0000000625600000, 0x0000000625800000|  0%| F|  |TAMS 0x0000000625600000, 0x0000000625600000| Untracked 
| 294|0x0000000625800000, 0x0000000625800000, 0x0000000625a00000|  0%| F|  |TAMS 0x0000000625800000, 0x0000000625800000| Untracked 
| 295|0x0000000625a00000, 0x0000000625a00000, 0x0000000625c00000|  0%| F|  |TAMS 0x0000000625a00000, 0x0000000625a00000| Untracked 
| 296|0x0000000625c00000, 0x0000000625c00000, 0x0000000625e00000|  0%| F|  |TAMS 0x0000000625c00000, 0x0000000625c00000| Untracked 
| 297|0x0000000625e00000, 0x0000000625e00000, 0x0000000626000000|  0%| F|  |TAMS 0x0000000625e00000, 0x0000000625e00000| Untracked 
| 298|0x0000000626000000, 0x0000000626000000, 0x0000000626200000|  0%| F|  |TAMS 0x0000000626000000, 0x0000000626000000| Untracked 
| 299|0x0000000626200000, 0x0000000626200000, 0x0000000626400000|  0%| F|  |TAMS 0x0000000626200000, 0x0000000626200000| Untracked 
| 300|0x0000000626400000, 0x0000000626400000, 0x0000000626600000|  0%| F|  |TAMS 0x0000000626400000, 0x0000000626400000| Untracked 
| 301|0x0000000626600000, 0x0000000626600000, 0x0000000626800000|  0%| F|  |TAMS 0x0000000626600000, 0x0000000626600000| Untracked 
| 302|0x0000000626800000, 0x0000000626800000, 0x0000000626a00000|  0%| F|  |TAMS 0x0000000626800000, 0x0000000626800000| Untracked 
| 303|0x0000000626a00000, 0x0000000626a00000, 0x0000000626c00000|  0%| F|  |TAMS 0x0000000626a00000, 0x0000000626a00000| Untracked 
| 304|0x0000000626c00000, 0x0000000626e00000, 0x0000000626e00000|100%| E|  |TAMS 0x0000000626c00000, 0x0000000626c00000| Complete 
| 305|0x0000000626e00000, 0x0000000627000000, 0x0000000627000000|100%| E|CS|TAMS 0x0000000626e00000, 0x0000000626e00000| Complete 
| 306|0x0000000627000000, 0x0000000627200000, 0x0000000627200000|100%| E|CS|TAMS 0x0000000627000000, 0x0000000627000000| Complete 
| 307|0x0000000627200000, 0x0000000627400000, 0x0000000627400000|100%| E|CS|TAMS 0x0000000627200000, 0x0000000627200000| Complete 

Card table byte_map: [0x000001de4f540000,0x000001de50540000] _byte_map_base: 0x000001de4c53a000

Marking Bits (Prev, Next): (CMBitMap*) 0x000001de34afdbf8, (CMBitMap*) 0x000001de34afdc38
 Prev Bits: [0x000001de51540000, 0x000001de59510000)
 Next Bits: [0x000001de59510000, 0x000001de614e0000)

Polling page: 0x000001de34850000

Metaspace:

Usage:
  Non-class:     18.11 MB capacity,    17.71 MB ( 98%) used,   349.70 KB (  2%) free+waste,    61.44 KB ( <1%) overhead. 
      Class:      3.01 MB capacity,     2.76 MB ( 92%) used,   222.59 KB (  7%) free+waste,    36.44 KB (  1%) overhead. 
       Both:     21.13 MB capacity,    20.47 MB ( 97%) used,   572.28 KB (  3%) free+waste,    97.88 KB ( <1%) overhead. 

Virtual space:
  Non-class space:       20.00 MB reserved,      18.17 MB ( 91%) committed 
      Class space:        1.00 GB reserved,       3.13 MB ( <1%) committed 
             Both:        1.02 GB reserved,      21.30 MB (  2%) committed 

Chunk freelists:
   Non-Class:  60.00 KB
       Class:  19.00 KB
        Both:  79.00 KB

MaxMetaspaceSize: 17179869184.00 GB
CompressedClassSpaceSize: 1.00 GB

CodeHeap 'non-profiled nmethods': size=120000Kb used=2336Kb max_used=2350Kb free=117663Kb
 bounds [0x000001de46240000, 0x000001de464b0000, 0x000001de4d770000]
CodeHeap 'profiled nmethods': size=120000Kb used=8329Kb max_used=8532Kb free=111670Kb
 bounds [0x000001de3ed10000, 0x000001de3f580000, 0x000001de46240000]
CodeHeap 'non-nmethods': size=5760Kb used=1240Kb max_used=1295Kb free=4519Kb
 bounds [0x000001de3e770000, 0x000001de3e9e0000, 0x000001de3ed10000]
 total_blobs=5646 nmethods=3557 adapters=414
 compilation: enabled
              stopped_count=0, restarted_count=0
 full_count=0

Compilation events (20 events):
Event: 4.323 Thread 0x000001de64bdc000 3643       3       java.util.IdentityHashMap::hash (18 bytes)
Event: 4.323 Thread 0x000001de64bdc000 nmethod 3643 0x000001de3f559b90 code [0x000001de3f559d40, 0x000001de3f559ed0]
Event: 4.323 Thread 0x000001de64bdc000 3637       3       java.util.Collections::singletonIterator (9 bytes)
Event: 4.323 Thread 0x000001de64bdc000 nmethod 3637 0x000001de3f559f90 code [0x000001de3f55a140, 0x000001de3f55a418]
Event: 4.323 Thread 0x000001de64bdc000 3633       3       edu.stanford.nlp.ling.CoreLabel::word (10 bytes)
Event: 4.323 Thread 0x000001de64bdc000 nmethod 3633 0x000001de3f55a510 code [0x000001de3f55a6c0, 0x000001de3f55aa10]
Event: 4.323 Thread 0x000001de64bdc000 3644       3       edu.stanford.nlp.util.ArrayCoreMap::<init> (27 bytes)
Event: 4.324 Thread 0x000001de64bdc000 nmethod 3644 0x000001de3f55ab10 code [0x000001de3f55acc0, 0x000001de3f55b118]
Event: 4.324 Thread 0x000001de64bdc000 3645       3       edu.stanford.nlp.ling.CoreLabel::setWord (47 bytes)
Event: 4.324 Thread 0x000001de64bdc000 nmethod 3645 0x000001de3f55b210 code [0x000001de3f55b420, 0x000001de3f55bc40]
Event: 4.324 Thread 0x000001de64bdc000 3646       3       de.tudarmstadt.ukp.dkpro.core.api.segmentation.type.Token::getText (18 bytes)
Event: 4.325 Thread 0x000001de64bd5000 3649       4       java.util.Arrays$ArrayItr::next (36 bytes)
Event: 4.326 Thread 0x000001de64bdc000 nmethod 3646 0x000001de3f55be90 code [0x000001de3f55c580, 0x000001de3f560970]
Event: 4.326 Thread 0x000001de64bdc000 3647       3       edu.stanford.nlp.sequences.ObjectBankWrapper::intern (17 bytes)
Event: 4.326 Thread 0x000001de64bd5000 nmethod 3649 0x000001de4648a390 code [0x000001de4648a520, 0x000001de4648a5f8]
Event: 4.326 Thread 0x000001de64bd5000 3650       4       java.util.regex.Pattern$$Lambda$294/0x0000000800d82c40::is (13 bytes)
Event: 4.326 Thread 0x000001de64bdc000 nmethod 3647 0x000001de3f562090 code [0x000001de3f562240, 0x000001de3f562450]
Event: 4.326 Thread 0x000001de64bdc000 3651       3       edu.stanford.nlp.ie.crf.FactorTable::multiplyInFront (51 bytes)
Event: 4.326 Thread 0x000001de64bdc000 nmethod 3651 0x000001de3f562510 code [0x000001de3f5626e0, 0x000001de3f562a90]
Event: 4.326 Thread 0x000001de64bdc000 3648       3       edu.stanford.nlp.process.WordShapeClassifier::wordShape (204 bytes)

GC Heap History (14 events):
Event: 0.494 GC heap before
{Heap before GC invocations=0 (full 0):
 garbage-first heap   total 524288K, used 26624K [0x0000000600c00000, 0x0000000800000000)
  region size 2048K, 12 young (24576K), 0 survivors (0K)
 Metaspace       used 6015K, capacity 8170K, committed 8320K, reserved 1056768K
  class space    used 682K, capacity 882K, committed 896K, reserved 1048576K
}
Event: 0.497 GC heap after
{Heap after GC invocations=1 (full 0):
 garbage-first heap   total 524288K, used 7174K [0x0000000600c00000, 0x0000000800000000)
  region size 2048K, 2 young (4096K), 2 survivors (4096K)
 Metaspace       used 6015K, capacity 8170K, committed 8320K, reserved 1056768K
  class space    used 682K, capacity 882K, committed 896K, reserved 1048576K
}
Event: 2.433 GC heap before
{Heap before GC invocations=1 (full 0):
 garbage-first heap   total 524288K, used 185350K [0x0000000600c00000, 0x0000000800000000)
  region size 2048K, 85 young (174080K), 2 survivors (4096K)
 Metaspace       used 20025K, capacity 20609K, committed 20736K, reserved 1067008K
  class space    used 2773K, capacity 3029K, committed 3072K, reserved 1048576K
}
Event: 2.447 GC heap after
{Heap after GC invocations=2 (full 0):
 garbage-first heap   total 524288K, used 38605K [0x0000000600c00000, 0x0000000800000000)
  region size 2048K, 11 young (22528K), 11 survivors (22528K)
 Metaspace       used 20025K, capacity 20609K, committed 20736K, reserved 1067008K
  class space    used 2773K, capacity 3029K, committed 3072K, reserved 1048576K
}
Event: 2.651 GC heap before
{Heap before GC invocations=2 (full 0):
 garbage-first heap   total 524288K, used 85709K [0x0000000600c00000, 0x0000000800000000)
  region size 2048K, 30 young (61440K), 11 survivors (22528K)
 Metaspace       used 20029K, capacity 20609K, committed 20736K, reserved 1067008K
  class space    used 2773K, capacity 3029K, committed 3072K, reserved 1048576K
}
Event: 2.667 GC heap after
{Heap after GC invocations=3 (full 0):
 garbage-first heap   total 524288K, used 62545K [0x0000000600c00000, 0x0000000800000000)
  region size 2048K, 4 young (8192K), 4 survivors (8192K)
 Metaspace       used 20029K, capacity 20609K, committed 20736K, reserved 1067008K
  class space    used 2773K, capacity 3029K, committed 3072K, reserved 1048576K
}
Event: 3.035 GC heap before
{Heap before GC invocations=3 (full 0):
 garbage-first heap   total 524288K, used 115793K [0x0000000600c00000, 0x0000000800000000)
  region size 2048K, 19 young (38912K), 4 survivors (8192K)
 Metaspace       used 20071K, capacity 20645K, committed 20736K, reserved 1067008K
  class space    used 2778K, capacity 3035K, committed 3072K, reserved 1048576K
}
Event: 3.047 GC heap after
{Heap after GC invocations=4 (full 0):
 garbage-first heap   total 524288K, used 102400K [0x0000000600c00000, 0x0000000800000000)
  region size 2048K, 3 young (6144K), 3 survivors (6144K)
 Metaspace       used 20071K, capacity 20645K, committed 20736K, reserved 1067008K
  class space    used 2778K, capacity 3035K, committed 3072K, reserved 1048576K
}
Event: 3.302 GC heap before
{Heap before GC invocations=4 (full 0):
 garbage-first heap   total 524288K, used 149504K [0x0000000600c00000, 0x0000000800000000)
  region size 2048K, 26 young (53248K), 3 survivors (6144K)
 Metaspace       used 20071K, capacity 20645K, committed 20736K, reserved 1067008K
  class space    used 2778K, capacity 3035K, committed 3072K, reserved 1048576K
}
Event: 3.316 GC heap after
{Heap after GC invocations=5 (full 0):
 garbage-first heap   total 630784K, used 131072K [0x0000000600c00000, 0x0000000800000000)
  region size 2048K, 4 young (8192K), 4 survivors (8192K)
 Metaspace       used 20071K, capacity 20645K, committed 20736K, reserved 1067008K
  class space    used 2778K, capacity 3035K, committed 3072K, reserved 1048576K
}
Event: 3.773 GC heap before
{Heap before GC invocations=5 (full 0):
 garbage-first heap   total 630784K, used 223232K [0x0000000600c00000, 0x0000000800000000)
  region size 2048K, 34 young (69632K), 4 survivors (8192K)
 Metaspace       used 20084K, capacity 20651K, committed 20736K, reserved 1067008K
  class space    used 2780K, capacity 3036K, committed 3072K, reserved 1048576K
}
Event: 3.791 GC heap after
{Heap after GC invocations=6 (full 0):
 garbage-first heap   total 630784K, used 198442K [0x0000000600c00000, 0x0000000800000000)
  region size 2048K, 5 young (10240K), 5 survivors (10240K)
 Metaspace       used 20084K, capacity 20651K, committed 20736K, reserved 1067008K
  class space    used 2780K, capacity 3036K, committed 3072K, reserved 1048576K
}
Event: 4.277 GC heap before
{Heap before GC invocations=6 (full 0):
 garbage-first heap   total 630784K, used 227114K [0x0000000600c00000, 0x0000000800000000)
  region size 2048K, 20 young (40960K), 5 survivors (10240K)
 Metaspace       used 20493K, capacity 21127K, committed 21296K, reserved 1067008K
  class space    used 2816K, capacity 3079K, committed 3200K, reserved 1048576K
}
Event: 4.288 GC heap after
{Heap after GC invocations=7 (full 0):
 garbage-first heap   total 630784K, used 228592K [0x0000000600c00000, 0x0000000800000000)
  region size 2048K, 6 young (12288K), 6 survivors (12288K)
 Metaspace       used 20493K, capacity 21127K, committed 21296K, reserved 1067008K
  class space    used 2816K, capacity 3079K, committed 3200K, reserved 1048576K
}

Deoptimization events (20 events):
Event: 4.238 Thread 0x000001de34a76800 Uncommon trap: trap_request=0xffffff76 fr.pc=0x000001de464763e0 relative=0x00000000000027e0
Event: 4.238 Thread 0x000001de34a76800 Uncommon trap: reason=predicate action=maybe_recompile pc=0x000001de464763e0 method=java.io.ObjectInputStream.readArray(Z)Ljava/lang/Object; @ 378 c2
Event: 4.238 Thread 0x000001de34a76800 DEOPT PACKING pc=0x000001de464763e0 sp=0x00000004892fc8c0
Event: 4.238 Thread 0x000001de34a76800 DEOPT UNPACKING pc=0x000001de3e7b912f sp=0x00000004892fc8a0 mode 2
Event: 4.251 Thread 0x000001de34a76800 Uncommon trap: trap_request=0xffffff45 fr.pc=0x000001de46464f54 relative=0x0000000000000274
Event: 4.251 Thread 0x000001de34a76800 Uncommon trap: reason=unstable_if action=reinterpret pc=0x000001de46464f54 method=java.io.ObjectInputStream$HandleTable.lookupException(I)Ljava/lang/ClassNotFoundException; @ 2 c2
Event: 4.251 Thread 0x000001de34a76800 DEOPT PACKING pc=0x000001de46464f54 sp=0x00000004892fcbb0
Event: 4.251 Thread 0x000001de34a76800 DEOPT UNPACKING pc=0x000001de3e7b912f sp=0x00000004892fca60 mode 2
Event: 4.251 Thread 0x000001de34a76800 Uncommon trap: trap_request=0xffffff45 fr.pc=0x000001de4646127c relative=0x000000000000029c
Event: 4.251 Thread 0x000001de34a76800 Uncommon trap: reason=unstable_if action=reinterpret pc=0x000001de4646127c method=java.io.ObjectInputStream$HandleTable.lookupException(I)Ljava/lang/ClassNotFoundException; @ 2 c2
Event: 4.251 Thread 0x000001de34a76800 DEOPT PACKING pc=0x000001de4646127c sp=0x00000004892fcb40
Event: 4.251 Thread 0x000001de34a76800 DEOPT UNPACKING pc=0x000001de3e7b912f sp=0x00000004892fca58 mode 2
Event: 4.253 Thread 0x000001de34a76800 Uncommon trap: trap_request=0xffffff45 fr.pc=0x000001de463ca704 relative=0x0000000000001164
Event: 4.253 Thread 0x000001de34a76800 Uncommon trap: reason=unstable_if action=reinterpret pc=0x000001de463ca704 method=java.util.concurrent.ConcurrentHashMap.putVal(Ljava/lang/Object;Ljava/lang/Object;Z)Ljava/lang/Object; @ 245 c2
Event: 4.253 Thread 0x000001de34a76800 DEOPT PACKING pc=0x000001de463ca704 sp=0x00000004892fe5b0
Event: 4.253 Thread 0x000001de34a76800 DEOPT UNPACKING pc=0x000001de3e7b912f sp=0x00000004892fe538 mode 2
Event: 4.271 Thread 0x000001de34a76800 Uncommon trap: trap_request=0xffffff45 fr.pc=0x000001de46307700 relative=0x0000000000000640
Event: 4.271 Thread 0x000001de34a76800 Uncommon trap: reason=unstable_if action=reinterpret pc=0x000001de46307700 method=java.lang.StringLatin1.regionMatchesCI([BI[BII)Z @ 66 c2
Event: 4.271 Thread 0x000001de34a76800 DEOPT PACKING pc=0x000001de46307700 sp=0x00000004892feb20
Event: 4.271 Thread 0x000001de34a76800 DEOPT UNPACKING pc=0x000001de3e7b912f sp=0x00000004892fe9e8 mode 2

Classes unloaded (0 events):
No events

Classes redefined (0 events):
No events

Internal exceptions (20 events):
Event: 1.664 Thread 0x000001de34a76800 Exception <a 'java/lang/ClassNotFoundException'{0x000000061ad50e78}: de/tudarmstadt/ukp/dkpro/core/api/segmentation/type/Split[]> (0x000000061ad50e78) 
thrown [t:/workspace/open/src/hotspot/share/prims/jni.cpp, line 619]
Event: 1.665 Thread 0x000001de34a76800 Exception <a 'java/lang/ClassNotFoundException'{0x000000061ad511d0}: de/tudarmstadt/ukp/dkpro/core/api/semantics/type/SemArgLink[]> (0x000000061ad511d0) 
thrown [t:/workspace/open/src/hotspot/share/prims/jni.cpp, line 619]
Event: 1.665 Thread 0x000001de34a76800 Exception <a 'java/lang/ClassNotFoundException'{0x000000061ad51530}: de/tudarmstadt/ukp/dkpro/core/api/semantics/type/SemanticArgument[]> (0x000000061ad51530) 
thrown [t:/workspace/open/src/hotspot/share/prims/jni.cpp, line 619]
Event: 1.665 Thread 0x000001de34a76800 Exception <a 'java/lang/ClassNotFoundException'{0x000000061ad51870}: org/apache/uima/jcas/tcas/Annotation[]> (0x000000061ad51870) 
thrown [t:/workspace/open/src/hotspot/share/prims/jni.cpp, line 619]
Event: 1.675 Thread 0x000001de34a76800 Exception <a 'java/lang/NoSuchMethodError'{0x000000061aa56bd8}: 'int java.lang.invoke.DirectMethodHandle$Holder.invokeStaticInit(java.lang.Object, java.lang.Object, java.lang.Object)'> (0x000000061aa56bd8) 
thrown [t:/workspace/open/src/hotspot/share/interpreter/linkResolver.cpp, line 767]
Event: 1.676 Thread 0x000001de34a76800 Exception <a 'java/lang/NoSuchMethodError'{0x000000061aa5c4c8}: 'int java.lang.invoke.DirectMethodHandle$Holder.invokeSpecial(java.lang.Object, java.lang.Object, java.lang.Object, java.lang.Object)'> (0x000000061aa5c4c8) 
thrown [t:/workspace/open/src/hotspot/share/interpreter/linkResolver.cpp, line 767]
Event: 1.696 Thread 0x000001de34a76800 Exception <a 'java/lang/NoSuchMethodError'{0x000000061ab7efb0}: 'void java.lang.invoke.DirectMethodHandle$Holder.invokeStatic(java.lang.Object, java.lang.Object, java.lang.Object, java.lang.Object)'> (0x000000061ab7efb0) 
thrown [t:/workspace/open/src/hotspot/share/interpreter/linkResolver.cpp, line 767]
Event: 1.696 Thread 0x000001de34a76800 Exception <a 'java/lang/NoSuchMethodError'{0x000000061ab8a2e0}: 'java.lang.Object java.lang.invoke.DirectMethodHandle$Holder.invokeStatic(java.lang.Object, java.lang.Object, int, int)'> (0x000000061ab8a2e0) 
thrown [t:/workspace/open/src/hotspot/share/interpreter/linkResolver.cpp, line 767]
Event: 1.697 Thread 0x000001de34a76800 Exception <a 'java/lang/NoSuchMethodError'{0x000000061ab8d930}: 'java.lang.Object java.lang.invoke.DirectMethodHandle$Holder.invokeSpecial(java.lang.Object, java.lang.Object, java.lang.Object, int, int)'> (0x000000061ab8d930) 
thrown [t:/workspace/open/src/hotspot/share/interpreter/linkResolver.cpp, line 767]
Event: 1.697 Thread 0x000001de34a76800 Exception <a 'java/lang/NoSuchMethodError'{0x000000061ab90938}: 'java.lang.Object java.lang.invoke.Invokers$Holder.linkToTargetMethod(java.lang.Object, int, int, java.lang.Object)'> (0x000000061ab90938) 
thrown [t:/workspace/open/src/hotspot/share/interpreter/linkResolver.cpp, line 767]
Event: 1.795 Thread 0x000001de34a76800 Exception <a 'java/lang/NoSuchMethodError'{0x000000061a557f00}: 'java.lang.Object java.lang.invoke.DirectMethodHandle$Holder.invokeStatic(java.lang.Object, int, java.lang.Object)'> (0x000000061a557f00) 
thrown [t:/workspace/open/src/hotspot/share/interpreter/linkResolver.cpp, line 767]
Event: 1.796 Thread 0x000001de34a76800 Exception <a 'java/lang/ClassNotFoundException'{0x000000061a55f0c0}: sun/util/logging/resources/spi/loggingProvider> (0x000000061a55f0c0) 
thrown [t:/workspace/open/src/hotspot/share/classfile/systemDictionary.cpp, line 232]
Event: 1.818 Thread 0x000001de34a76800 Implicit null exception at 0x000001de46270c04 to 0x000001de462711aa
Event: 1.818 Thread 0x000001de34a76800 Implicit null exception at 0x000001de46270104 to 0x000001de4627067e
Event: 1.909 Thread 0x000001de34a76800 Implicit null exception at 0x000001de4637a3e4 to 0x000001de4637a60a
Event: 1.909 Thread 0x000001de34a76800 Implicit null exception at 0x000001de462b19af to 0x000001de462b1a2d
Event: 2.086 Thread 0x000001de34a76800 Exception <a 'java/lang/NoSuchMethodError'{0x00000006193f3450}: 'void java.lang.invoke.DirectMethodHandle$Holder.invokeStaticInit(java.lang.Object, java.lang.Object, java.lang.Object)'> (0x00000006193f3450) 
thrown [t:/workspace/open/src/hotspot/share/interpreter/linkResolver.cpp, line 767]
Event: 4.237 Thread 0x000001de34a76800 Implicit null exception at 0x000001de46455160 to 0x000001de464551ba
Event: 4.238 Thread 0x000001de34a76800 Implicit null exception at 0x000001de4645909d to 0x000001de4645a48e
Event: 4.238 Thread 0x000001de34a76800 Implicit null exception at 0x000001de46455560 to 0x000001de464555ce

Events (20 events):
Event: 4.277 loading class jdk/internal/math/FDBigInteger
Event: 4.277 Executing VM operation: CollectForMetadataAllocation
Event: 4.288 Executing VM operation: CollectForMetadataAllocation done
Event: 4.288 loading class jdk/internal/math/FDBigInteger done
Event: 4.295 loading class edu/stanford/nlp/math/ArrayMath
Event: 4.295 loading class edu/stanford/nlp/math/ArrayMath done
Event: 4.296 loading class edu/stanford/nlp/math/ArrayMath$InvalidElementException
Event: 4.296 loading class edu/stanford/nlp/math/ArrayMath$InvalidElementException done
Event: 4.297 loading class edu/stanford/nlp/sequences/ExactBestSequenceFinder
Event: 4.297 loading class edu/stanford/nlp/sequences/ExactBestSequenceFinder done
Event: 4.298 loading class edu/stanford/nlp/util/Pair
Event: 4.298 loading class edu/stanford/nlp/util/Pair done
Event: 4.299 loading class edu/stanford/nlp/util/Pair$MutableInternedPair
Event: 4.299 loading class edu/stanford/nlp/util/Pair$MutableInternedPair done
Event: 4.299 loading class edu/stanford/nlp/ling/CoreAnnotations$AnswerProbAnnotation
Event: 4.299 loading class edu/stanford/nlp/ling/CoreAnnotations$AnswerProbAnnotation done
Event: 4.317 Executing VM operation: CollectForMetadataAllocation
Event: 4.317 Executing VM operation: CollectForMetadataAllocation done
Event: 4.322 Executing VM operation: HandshakeAllThreads
Event: 4.322 Executing VM operation: HandshakeAllThreads done


Dynamic libraries:
0x00007ff603f30000 - 0x00007ff603f3f000 	C:\Program Files\Java\jdk-13.0.2\bin\javaw.exe
0x00007ffb0d7a0000 - 0x00007ffb0d990000 	C:\WINDOWS\SYSTEM32\ntdll.dll
0x00007ffb0ce60000 - 0x00007ffb0cf12000 	C:\WINDOWS\System32\KERNEL32.DLL
0x00007ffb0aa00000 - 0x00007ffb0aca5000 	C:\WINDOWS\System32\KERNELBASE.dll
0x00007ffb0a830000 - 0x00007ffb0a92a000 	C:\WINDOWS\System32\ucrtbase.dll
0x00007ffaf64d0000 - 0x00007ffaf64e8000 	C:\Program Files\Java\jdk-13.0.2\bin\jli.dll
0x00007ffafd5d0000 - 0x00007ffafd5e5000 	C:\Program Files\Java\jdk-13.0.2\bin\VCRUNTIME140.dll
0x00007ffb0be70000 - 0x00007ffb0bf13000 	C:\WINDOWS\System32\ADVAPI32.dll
0x00007ffb0bf20000 - 0x00007ffb0bfbe000 	C:\WINDOWS\System32\msvcrt.dll
0x00007ffb0d240000 - 0x00007ffb0d2d7000 	C:\WINDOWS\System32\sechost.dll
0x00007ffb0cc70000 - 0x00007ffb0cd8f000 	C:\WINDOWS\System32\RPCRT4.dll
0x00007ffb0b8d0000 - 0x00007ffb0ba64000 	C:\WINDOWS\System32\USER32.dll
0x00007ffafcd20000 - 0x00007ffafcfa4000 	C:\WINDOWS\WinSxS\amd64_microsoft.windows.common-controls_6595b64144ccf1df_6.0.18362.1316_none_9e7a364fe461dbd7\COMCTL32.dll
0x00007ffb0a750000 - 0x00007ffb0a771000 	C:\WINDOWS\System32\win32u.dll
0x00007ffb0d2e0000 - 0x00007ffb0d617000 	C:\WINDOWS\System32\combase.dll
0x00007ffb0bdb0000 - 0x00007ffb0bdd6000 	C:\WINDOWS\System32\GDI32.dll
0x00007ffb0af30000 - 0x00007ffb0b0c8000 	C:\WINDOWS\System32\gdi32full.dll
0x00007ffb0ad50000 - 0x00007ffb0add1000 	C:\WINDOWS\System32\bcryptPrimitives.dll
0x00007ffb0acb0000 - 0x00007ffb0ad4e000 	C:\WINDOWS\System32\msvcp_win.dll
0x00007ffb04f00000 - 0x00007ffb04f0a000 	C:\WINDOWS\SYSTEM32\VERSION.dll
0x00007ffb0cfa0000 - 0x00007ffb0cfce000 	C:\WINDOWS\System32\IMM32.DLL
0x00007ffae5b10000 - 0x00007ffae5bab000 	C:\Program Files\Java\jdk-13.0.2\bin\msvcp140.dll
0x00007ffaab4b0000 - 0x00007ffaac00d000 	C:\Program Files\Java\jdk-13.0.2\bin\server\jvm.dll
0x00007ffb0d080000 - 0x00007ffb0d088000 	C:\WINDOWS\System32\PSAPI.DLL
0x00007ffb01420000 - 0x00007ffb01429000 	C:\WINDOWS\SYSTEM32\WSOCK32.dll
0x00007ffb06cb0000 - 0x00007ffb06cd4000 	C:\WINDOWS\SYSTEM32\WINMM.dll
0x00007ffb0c430000 - 0x00007ffb0c49f000 	C:\WINDOWS\System32\WS2_32.dll
0x00007ffb06c80000 - 0x00007ffb06cad000 	C:\WINDOWS\SYSTEM32\winmmbase.dll
0x00007ffb0a930000 - 0x00007ffb0a97a000 	C:\WINDOWS\System32\cfgmgr32.dll
0x00007ffb0a700000 - 0x00007ffb0a711000 	C:\WINDOWS\System32\kernel.appcore.dll
0x00007ffb06f40000 - 0x00007ffb06f50000 	C:\Program Files\Java\jdk-13.0.2\bin\verify.dll
0x00007ffb08eb0000 - 0x00007ffb090a4000 	C:\WINDOWS\SYSTEM32\DBGHELP.DLL
0x00007ffaf77f0000 - 0x00007ffaf781a000 	C:\WINDOWS\SYSTEM32\dbgcore.DLL
0x00007ffaf5a20000 - 0x00007ffaf5a46000 	C:\Program Files\Java\jdk-13.0.2\bin\java.dll
0x00007ffafcfb0000 - 0x00007ffafcfc7000 	C:\Program Files\Java\jdk-13.0.2\bin\zip.dll
0x00007ffb06db0000 - 0x00007ffb06dba000 	C:\Program Files\Java\jdk-13.0.2\bin\jimage.dll
0x00007ffb0c4b0000 - 0x00007ffb0cb98000 	C:\WINDOWS\System32\SHELL32.dll
0x00007ffb0bca0000 - 0x00007ffb0bd47000 	C:\WINDOWS\System32\shcore.dll
0x00007ffb0b0d0000 - 0x00007ffb0b84b000 	C:\WINDOWS\System32\windows.storage.dll
0x00007ffb0a6d0000 - 0x00007ffb0a6f3000 	C:\WINDOWS\System32\profapi.dll
0x00007ffb0a680000 - 0x00007ffb0a6ca000 	C:\WINDOWS\System32\powrprof.dll
0x00007ffb0a650000 - 0x00007ffb0a660000 	C:\WINDOWS\System32\UMPDC.dll
0x00007ffb0bd50000 - 0x00007ffb0bda2000 	C:\WINDOWS\System32\shlwapi.dll
0x00007ffb0a980000 - 0x00007ffb0a997000 	C:\WINDOWS\System32\cryptsp.dll
0x00007ffafa1e0000 - 0x00007ffafa1f9000 	C:\Program Files\Java\jdk-13.0.2\bin\net.dll
0x00007ffb00180000 - 0x00007ffb00270000 	C:\WINDOWS\SYSTEM32\WINHTTP.dll
0x00007ffb09e90000 - 0x00007ffb09ef7000 	C:\WINDOWS\system32\mswsock.dll
0x00007ffaf64f0000 - 0x00007ffaf6503000 	C:\Program Files\Java\jdk-13.0.2\bin\nio.dll
0x00007ffb09a10000 - 0x00007ffb09a43000 	C:\WINDOWS\system32\rsaenh.dll
0x00007ffb0a720000 - 0x00007ffb0a746000 	C:\WINDOWS\System32\bcrypt.dll
0x00007ffb0a570000 - 0x00007ffb0a595000 	C:\WINDOWS\SYSTEM32\USERENV.dll
0x00007ffb0a060000 - 0x00007ffb0a06c000 	C:\WINDOWS\SYSTEM32\CRYPTBASE.dll
0x00007ffb09ba0000 - 0x00007ffb09bda000 	C:\WINDOWS\SYSTEM32\IPHLPAPI.DLL
0x00007ffb0bb30000 - 0x00007ffb0bb38000 	C:\WINDOWS\System32\NSI.dll
0x00007ffb04e40000 - 0x00007ffb04e56000 	C:\WINDOWS\SYSTEM32\dhcpcsvc6.DLL
0x00007ffb054d0000 - 0x00007ffb054ec000 	C:\WINDOWS\SYSTEM32\dhcpcsvc.DLL
0x00007ffb09be0000 - 0x00007ffb09cab000 	C:\WINDOWS\SYSTEM32\DNSAPI.dll
0x00007ffb06f50000 - 0x00007ffb06f59000 	C:\Program Files\Java\jdk-13.0.2\bin\management.dll
0x00007ffb02230000 - 0x00007ffb0223b000 	C:\Program Files\Java\jdk-13.0.2\bin\management_ext.dll
0x00007ffad32e0000 - 0x00007ffad32f6000 	C:\WINDOWS\system32\napinsp.dll
0x00007ffad32c0000 - 0x00007ffad32da000 	C:\WINDOWS\system32\pnrpnsp.dll
0x00007ffaf2b10000 - 0x00007ffaf2b25000 	C:\WINDOWS\system32\wshbth.dll
0x00007ffb06e00000 - 0x00007ffb06e1c000 	C:\WINDOWS\system32\NLAapi.dll
0x00007ffaf7a30000 - 0x00007ffaf7a3e000 	C:\WINDOWS\System32\winrnr.dll
0x00007ffafb9f0000 - 0x00007ffafb9fa000 	C:\Windows\System32\rasadhlp.dll
0x00007ffb049d0000 - 0x00007ffb04a47000 	C:\WINDOWS\System32\fwpuclnt.dll

dbghelp: loaded successfully - version: 4.0.5 - missing functions: none
symbol engine: initialized successfully - sym options: 0x614 - pdb path: .;C:\Program Files\Java\jdk-13.0.2\bin;C:\WINDOWS\SYSTEM32;C:\WINDOWS\WinSxS\amd64_microsoft.windows.common-controls_6595b64144ccf1df_6.0.18362.1316_none_9e7a364fe461dbd7;C:\Program Files\Java\jdk-13.0.2\bin\server

VM Arguments:
jvm_args: -Dfile.encoding=UTF-8 
java_command: de.ukoeln.idh.teaching.tri.ex10.Exercise10Main
java_class_path (initial): C:\Users\solemn\Documents\GitHub\exercise-10\target\classes;C:\Users\solemn\.m2\repository\org\apache\uima\uimafit-core\3.1.0\uimafit-core-3.1.0.jar;C:\Users\solemn\.m2\repository\org\apache\commons\commons-lang3\3.8.1\commons-lang3-3.8.1.jar;C:\Users\solemn\.m2\repository\commons-io\commons-io\2.6\commons-io-2.6.jar;C:\Users\solemn\.m2\repository\org\apache\uima\uimaj-core\3.1.1\uimaj-core-3.1.1.jar;C:\Users\solemn\.m2\repository\org\bitbucket\mstrobel\procyon-compilertools\0.5.32\procyon-compilertools-0.5.32.jar;C:\Users\solemn\.m2\repository\org\bitbucket\mstrobel\procyon-core\0.5.32\procyon-core-0.5.32.jar;C:\Users\solemn\.m2\repository\org\springframework\spring-core\4.3.26.RELEASE\spring-core-4.3.26.RELEASE.jar;C:\Users\solemn\.m2\repository\commons-logging\commons-logging\1.2\commons-logging-1.2.jar;C:\Users\solemn\.m2\repository\org\springframework\spring-context\4.3.26.RELEASE\spring-context-4.3.26.RELEASE.jar;C:\Users\solemn\.m2\repository\org\springframework\spring-aop\4.3.26.RELEASE\spring-aop-4.3.26.RELEASE.jar;C:\Users\solemn\.m2\repository\org\springframework\spring-expression\4.3.26.RELEASE\spring-expression-4.3.26.RELEASE.jar;C:\Users\solemn\.m2\repository\org\springframework\spring-beans\4.3.26.RELEASE\spring-beans-4.3.26.RELEASE.jar;C:\Users\solemn\.m2\repository\org\slf4j\slf4j-api\1.7.26\slf4j-api-1.7.26.jar;C:\Users\solemn\.m2\repository\org\dkpro\core\dkpro-core-io-text-asl\2.1.0\dkpro-core-io-text-asl-2.1.0.jar;C:\Users\solemn\.m2\repository\com\ibm\icu\icu4j\64.2\icu4j-64.2.jar;C:\Users\solemn\.m2\repository\org\dkpro\core\dkpro-core-api-metadata-asl\2.1.0\dkpro-core-api-metadata-asl-2.1.0.jar;C:\Users\solemn\.m2\repository\org\apache\uima\uimaj-document-annotation\3.1.0\uimaj-document-annotation-3.1.0.jar;C:\Users\solemn\.m2\repository\org\dkpro\core\dkpro-core-api-resources-asl\2.1.0\dkpro-core-api-resources-asl-2.1.0.jar;C:\Users\solemn\.m2\repository\org\apache\commons\commons-compress\1.19\commons-compress-1
Launcher Type: SUN_STANDARD

[Global flags]
     intx CICompilerCount                          = 4                                         {product} {ergonomic}
     uint ConcGCThreads                            = 3                                         {product} {ergonomic}
     uint G1ConcRefinementThreads                  = 10                                        {product} {ergonomic}
   size_t G1HeapRegionSize                         = 2097152                                   {product} {ergonomic}
    uintx GCDrainStackTargetSize                   = 64                                        {product} {ergonomic}
   size_t InitialHeapSize                          = 536870912                                 {product} {ergonomic}
   size_t MarkStackSize                            = 4194304                                   {product} {ergonomic}
   size_t MaxHeapSize                              = 8577351680                                {product} {ergonomic}
   size_t MaxNewSize                               = 5146411008                                {product} {ergonomic}
   size_t MinHeapDeltaBytes                        = 2097152                                   {product} {ergonomic}
   size_t MinHeapSize                              = 8388608                                   {product} {ergonomic}
    uintx NonNMethodCodeHeapSize                   = 5839372                                {pd product} {ergonomic}
    uintx NonProfiledCodeHeapSize                  = 122909434                              {pd product} {ergonomic}
    uintx ProfiledCodeHeapSize                     = 122909434                              {pd product} {ergonomic}
    uintx ReservedCodeCacheSize                    = 251658240                              {pd product} {ergonomic}
     bool SegmentedCodeCache                       = true                                      {product} {ergonomic}
   size_t SoftMaxHeapSize                          = 8577351680                             {manageable} {ergonomic}
     bool UseCompressedClassPointers               = true                                 {lp64_product} {ergonomic}
     bool UseCompressedOops                        = true                                 {lp64_product} {ergonomic}
     bool UseG1GC                                  = true                                      {product} {ergonomic}
     bool UseLargePagesIndividualAllocation        = false                                  {pd product} {ergonomic}

Logging:
Log output configuration:
 #0: stdout all=warning uptime,level,tags
 #1: stderr all=off uptime,level,tags

Environment Variables:
PATH=C:/Program Files/Java/jdk-13.0.2/bin/server;C:/Program Files/Java/jdk-13.0.2/bin;C:\WINDOWS\system32;C:\WINDOWS;C:\WINDOWS\System32\Wbem;C:\WINDOWS\System32\WindowsPowerShell\v1.0\;C:\WINDOWS\System32\OpenSSH\;C:\Program Files (x86)\NVIDIA Corporation\PhysX\Common;C:\Program Files\Git\cmd;C:\Users\solemn\AppData\Local\Programs\Python\Python37-32\Scripts\;C:\Users\solemn\AppData\Local\Programs\Python\Python37-32\;C:\Users\solemn\AppData\Local\Microsoft\WindowsApps;C:\Users\solemn\AppData\Local\GitHubDesktop\bin;C:\Users\solemn\AppData\Local\atom\bin;C:\Program Files\Java\jdk-13.0.2\bin;;C:\Program Files\JetBrains\PyCharm 2020.3.2\bin;;C:\Users\solemn\Desktop;
USERNAME=solemn
OS=Windows_NT
PROCESSOR_IDENTIFIER=AMD64 Family 23 Model 8 Stepping 2, AuthenticAMD



---------------  S Y S T E M  ---------------

OS: Windows 10 , 64 bit Build 18362 (10.0.18362.1316)

CPU:total 12 (initial active 12) (12 cores per cpu, 2 threads per core) family 23 model 8 stepping 2, cmov, cx8, fxsr, mmx, sse, sse2, sse3, ssse3, sse4.1, sse4.2, popcnt, avx, avx2, aes, clmul, mmxext, 3dnowpref, lzcnt, sse4a, ht, tsc, tscinvbit, tscinv, bmi1, bmi2, adx, sha, fma

Memory: 4k page, system-wide physical 32712M (24528M free)
TotalPageFile size 37576M (AvailPageFile size 26089M)
current process WorkingSet (physical memory assigned to process): 568M, peak: 568M
current process commit charge ("private bytes"): 800M, peak: 800M

vm_info: Java HotSpot(TM) 64-Bit Server VM (13.0.2+8) for windows-amd64 JRE (13.0.2+8), built on Dec 11 2019 09:20:33 by "mach5one" with unknown MS VC++:1916

END.
